c:\aluminum\windows\examples\basic2\basic\debug\vc120.pdb
c:\aluminum\windows\examples\basic2\basic\debug\vc120.idb
c:\aluminum\windows\examples\basic2\basic\debug\basic.obj
c:\aluminum\windows\examples\basic2\basic\debug\freeglutglview.obj
c:\aluminum\windows\examples\basic2\basic\debug\behavior.obj
c:\aluminum\windows\examples\basic2\basic\debug\camera.obj
c:\aluminum\windows\examples\basic2\basic\debug\fbo.obj
c:\aluminum\windows\examples\basic2\basic\debug\meshbuffer.obj
c:\aluminum\windows\examples\basic2\basic\debug\meshdata.obj
c:\aluminum\windows\examples\basic2\basic\debug\meshutils.obj
c:\aluminum\windows\examples\basic2\basic\debug\shapes.obj
c:\aluminum\windows\examples\basic2\basic\debug\rendererwin32.obj
c:\aluminum\windows\examples\basic2\basic\debug\resourcehandler.obj
c:\aluminum\windows\examples\basic2\basic\debug\font.obj
c:\aluminum\windows\examples\basic2\basic\debug\program.obj
c:\aluminum\windows\examples\basic2\basic\debug\texture.obj
c:\aluminum\windows\examples\basic2\debug\basic.ilk
c:\aluminum\windows\examples\basic2\debug\basic.exe
c:\aluminum\windows\examples\basic2\debug\basic.pdb
c:\aluminum\windows\examples\basic2\basic\debug\basic.tlog\cl.command.1.tlog
c:\aluminum\windows\examples\basic2\basic\debug\basic.tlog\cl.read.1.tlog
c:\aluminum\windows\examples\basic2\basic\debug\basic.tlog\cl.write.1.tlog
c:\aluminum\windows\examples\basic2\basic\debug\basic.tlog\link.command.1.tlog
c:\aluminum\windows\examples\basic2\basic\debug\basic.tlog\link.read.1.tlog
c:\aluminum\windows\examples\basic2\basic\debug\basic.tlog\link.write.1.tlog
