c:\users\kyle\dropbox\evl\aluminum\windows\examples\vs-demos\week2\week2\debug\vc120.pdb
c:\users\kyle\dropbox\evl\aluminum\windows\examples\vs-demos\week2\week2\debug\vc120.idb
c:\users\kyle\dropbox\evl\aluminum\windows\examples\vs-demos\week2\week2\debug\behavior.obj
c:\users\kyle\dropbox\evl\aluminum\windows\examples\vs-demos\week2\week2\debug\camera.obj
c:\users\kyle\dropbox\evl\aluminum\windows\examples\vs-demos\week2\week2\debug\fbo.obj
c:\users\kyle\dropbox\evl\aluminum\windows\examples\vs-demos\week2\week2\debug\font.obj
c:\users\kyle\dropbox\evl\aluminum\windows\examples\vs-demos\week2\week2\debug\meshbuffer.obj
c:\users\kyle\dropbox\evl\aluminum\windows\examples\vs-demos\week2\week2\debug\meshdata.obj
c:\users\kyle\dropbox\evl\aluminum\windows\examples\vs-demos\week2\week2\debug\meshutils.obj
c:\users\kyle\dropbox\evl\aluminum\windows\examples\vs-demos\week2\week2\debug\program.obj
c:\users\kyle\dropbox\evl\aluminum\windows\examples\vs-demos\week2\week2\debug\shapes.obj
c:\users\kyle\dropbox\evl\aluminum\windows\examples\vs-demos\week2\week2\debug\texture.obj
c:\users\kyle\dropbox\evl\aluminum\windows\examples\vs-demos\week2\week2\debug\freeglutglview.obj
c:\users\kyle\dropbox\evl\aluminum\windows\examples\vs-demos\week2\week2\debug\rendererwin32.obj
c:\users\kyle\dropbox\evl\aluminum\windows\examples\vs-demos\week2\week2\debug\resourcehandler.obj
c:\users\kyle\dropbox\evl\aluminum\windows\examples\vs-demos\week2\week2\debug\transformation.obj
c:\users\kyle\dropbox\evl\aluminum\windows\examples\vs-demos\week2\debug\week2.ilk
c:\users\kyle\dropbox\evl\aluminum\windows\examples\vs-demos\week2\debug\week2.exe
c:\users\kyle\dropbox\evl\aluminum\windows\examples\vs-demos\week2\debug\week2.pdb
c:\users\kyle\dropbox\evl\aluminum\windows\examples\vs-demos\week2\week2\debug\week2.tlog\cl.command.1.tlog
c:\users\kyle\dropbox\evl\aluminum\windows\examples\vs-demos\week2\week2\debug\week2.tlog\cl.read.1.tlog
c:\users\kyle\dropbox\evl\aluminum\windows\examples\vs-demos\week2\week2\debug\week2.tlog\cl.write.1.tlog
c:\users\kyle\dropbox\evl\aluminum\windows\examples\vs-demos\week2\week2\debug\week2.tlog\link.command.1.tlog
c:\users\kyle\dropbox\evl\aluminum\windows\examples\vs-demos\week2\week2\debug\week2.tlog\link.read.1.tlog
c:\users\kyle\dropbox\evl\aluminum\windows\examples\vs-demos\week2\week2\debug\week2.tlog\link.write.1.tlog
