Build started 9/2/2014 5:24:39 PM.
     1>Project "C:\aluminum\windows\examples\vs-demos\week2\week2\week2.vcxproj" on node 2 (Rebuild target(s)).
     1>C:\Program Files (x86)\MSBuild\Microsoft.Cpp\v4.0\V120\Microsoft.CppClean.targets(76,5): warning : The process cannot access the file 'c:\aluminum\windows\examples\vs-demos\week2\debug\week2.pdb' because it is being used by another process.
     1>ClCompile:
         C:\Program Files (x86)\Microsoft Visual Studio 12.0\VC\bin\CL.exe /c /IC:\aluminum\src /IC:\aluminum\windows\src /IC:\aluminum\include /IC:\aluminum\windows\include /ZI /nologo /W3 /WX- /Od /Oy- /D WIN32 /D _DEBUG /D _CONSOLE /D _LIB /D _UNICODE /D UNICODE /Gm /EHsc /RTC1 /MDd /GS /fp:precise /Zc:wchar_t /Zc:forScope /Fo"Debug\\" /Fd"Debug\vc120.pdb" /Gd /TP /analyze- /errorReport:prompt ..\..\..\..\..\src\Aluminum\Behavior.cpp ..\..\..\..\..\src\Aluminum\Camera.cpp ..\..\..\..\..\src\Aluminum\FBO.cpp ..\..\..\..\..\src\Aluminum\Font.cpp ..\..\..\..\..\src\Aluminum\MeshBuffer.cpp ..\..\..\..\..\src\Aluminum\MeshData.cpp ..\..\..\..\..\src\Aluminum\MeshUtils.cpp ..\..\..\..\..\src\Aluminum\Program.cpp ..\..\..\..\..\src\Aluminum\Shapes.cpp ..\..\..\..\..\src\Aluminum\Texture.cpp ..\..\..\..\src\Aluminum\FreeGlutGLView.cpp ..\..\..\..\src\Aluminum\RendererWin32.cpp ..\..\..\..\src\Aluminum\ResourceHandler.cpp Transformation.cpp
         Transformation.cpp
     1>c:\aluminum\windows\examples\vs-demos\week2\week2\transformation.cpp(44): warning C4305: 'initializing' : truncation from 'double' to 'float'
     1>c:\aluminum\windows\examples\vs-demos\week2\week2\transformation.cpp(45): warning C4305: 'initializing' : truncation from 'double' to 'float'
     1>c:\aluminum\windows\examples\vs-demos\week2\week2\transformation.cpp(209): warning C4305: '+=' : truncation from 'double' to 'float'
     1>c:\aluminum\windows\examples\vs-demos\week2\week2\transformation.cpp(213): warning C4305: '-=' : truncation from 'double' to 'float'
     1>c:\aluminum\windows\examples\vs-demos\week2\week2\transformation.cpp(217): warning C4305: '+=' : truncation from 'double' to 'float'
     1>c:\aluminum\windows\examples\vs-demos\week2\week2\transformation.cpp(221): warning C4305: '-=' : truncation from 'double' to 'float'
     1>c:\aluminum\windows\examples\vs-demos\week2\week2\transformation.cpp(225): warning C4305: '+=' : truncation from 'double' to 'float'
     1>c:\aluminum\windows\examples\vs-demos\week2\week2\transformation.cpp(229): warning C4305: '-=' : truncation from 'double' to 'float'
         GLM: perspective function taking degrees as a parameter is deprecated. #define GLM_FORCE_RADIANS before including GLM headers to remove this message.
         GLM: rotate function taking degrees as a parameter is deprecated. #define GLM_FORCE_RADIANS before including GLM headers to remove this message.
         ResourceHandler.cpp
         RendererWin32.cpp
         FreeGlutGLView.cpp
     1>c:\aluminum\windows\src\aluminum\freeglutglview.cpp(33): warning C4101: 'bbb' : unreferenced local variable
         Texture.cpp
         Shapes.cpp
     1>c:\aluminum\src\aluminum\shapes.cpp(49): warning C4244: 'initializing' : conversion from 'double' to 'float', possible loss of data
     1>c:\aluminum\src\aluminum\shapes.cpp(50): warning C4244: 'initializing' : conversion from 'double' to 'float', possible loss of data
         Program.cpp
         MeshUtils.cpp
     1>c:\aluminum\src\aluminum\meshutils.cpp(917): warning C4244: 'initializing' : conversion from 'double' to 'float', possible loss of data
     1>c:\aluminum\src\aluminum\meshutils.cpp(918): warning C4244: 'initializing' : conversion from 'double' to 'float', possible loss of data
     1>c:\aluminum\src\aluminum\meshutils.cpp(926): warning C4244: 'initializing' : conversion from 'double' to 'float', possible loss of data
     1>c:\aluminum\src\aluminum\meshutils.cpp(927): warning C4244: 'initializing' : conversion from 'double' to 'float', possible loss of data
         MeshData.cpp
     1>c:\aluminum\src\aluminum\meshdata.cpp(29): warning C4018: '<' : signed/unsigned mismatch
     1>c:\aluminum\src\aluminum\meshdata.cpp(42): warning C4800: 'unsigned int' : forcing value to bool 'true' or 'false' (performance warning)
     1>c:\aluminum\src\aluminum\meshdata.cpp(43): warning C4800: 'unsigned int' : forcing value to bool 'true' or 'false' (performance warning)
     1>c:\aluminum\src\aluminum\meshdata.cpp(44): warning C4800: 'unsigned int' : forcing value to bool 'true' or 'false' (performance warning)
     1>c:\aluminum\src\aluminum\meshdata.cpp(47): warning C4800: 'unsigned int' : forcing value to bool 'true' or 'false' (performance warning)
     1>c:\aluminum\src\aluminum\meshdata.cpp(48): warning C4800: 'unsigned int' : forcing value to bool 'true' or 'false' (performance warning)
     1>c:\aluminum\src\aluminum\meshdata.cpp(50): warning C4800: 'unsigned int' : forcing value to bool 'true' or 'false' (performance warning)
     1>c:\aluminum\src\aluminum\meshdata.cpp(51): warning C4800: 'unsigned int' : forcing value to bool 'true' or 'false' (performance warning)
     1>c:\aluminum\src\aluminum\meshdata.cpp(53): warning C4800: 'unsigned int' : forcing value to bool 'true' or 'false' (performance warning)
     1>c:\aluminum\src\aluminum\meshdata.cpp(54): warning C4800: 'unsigned int' : forcing value to bool 'true' or 'false' (performance warning)
         MeshBuffer.cpp
         Font.cpp
     1>c:\aluminum\src\aluminum\font.cpp(278): warning C4244: '=' : conversion from 'double' to 'float', possible loss of data
     1>c:\aluminum\src\aluminum\font.cpp(279): warning C4244: '=' : conversion from 'double' to 'float', possible loss of data
     1>c:\aluminum\src\aluminum\font.cpp(283): warning C4244: '=' : conversion from 'double' to 'float', possible loss of data
     1>c:\aluminum\src\aluminum\font.cpp(284): warning C4244: '=' : conversion from 'double' to 'float', possible loss of data
     1>c:\aluminum\src\aluminum\font.cpp(290): warning C4244: 'initializing' : conversion from 'double' to 'float', possible loss of data
     1>c:\aluminum\src\aluminum\font.cpp(295): warning C4244: 'initializing' : conversion from 'double' to 'float', possible loss of data
     1>c:\aluminum\src\aluminum\font.cpp(369): warning C4244: '=' : conversion from 'int' to 'float', possible loss of data
     1>c:\aluminum\src\aluminum\font.cpp(374): warning C4244: '=' : conversion from 'double' to 'float', possible loss of data
     1>c:\aluminum\src\aluminum\font.cpp(375): warning C4244: '=' : conversion from 'double' to 'float', possible loss of data
     1>c:\aluminum\src\aluminum\font.cpp(379): warning C4244: '=' : conversion from 'double' to 'float', possible loss of data
     1>c:\aluminum\src\aluminum\font.cpp(380): warning C4244: '=' : conversion from 'double' to 'float', possible loss of data
     1>c:\aluminum\src\aluminum\font.cpp(384): warning C4244: '=' : conversion from 'double' to 'float', possible loss of data
     1>c:\aluminum\src\aluminum\font.cpp(385): warning C4244: '=' : conversion from 'double' to 'float', possible loss of data
     1>c:\aluminum\src\aluminum\font.cpp(390): warning C4244: '=' : conversion from 'double' to 'float', possible loss of data
     1>c:\aluminum\src\aluminum\font.cpp(391): warning C4244: '=' : conversion from 'double' to 'float', possible loss of data
     1>c:\aluminum\src\aluminum\font.cpp(394): warning C4244: '=' : conversion from 'double' to 'float', possible loss of data
     1>c:\aluminum\src\aluminum\font.cpp(395): warning C4244: '=' : conversion from 'double' to 'float', possible loss of data
     1>c:\aluminum\src\aluminum\font.cpp(397): warning C4244: '=' : conversion from 'double' to 'float', possible loss of data
     1>c:\aluminum\src\aluminum\font.cpp(398): warning C4244: '=' : conversion from 'double' to 'float', possible loss of data
     1>c:\aluminum\src\aluminum\font.cpp(418): warning C4244: 'argument' : conversion from 'int' to 'const float', possible loss of data
     1>c:\aluminum\src\aluminum\font.cpp(794): warning C4244: '=' : conversion from 'double' to 'float', possible loss of data
     1>c:\aluminum\src\aluminum\font.cpp(798): warning C4244: '=' : conversion from 'double' to 'float', possible loss of data
     1>c:\aluminum\src\aluminum\font.cpp(971): warning C4244: '=' : conversion from 'double' to 'float', possible loss of data
     1>c:\aluminum\src\aluminum\font.cpp(1047): warning C4244: '=' : conversion from 'double' to 'float', possible loss of data
     1>c:\aluminum\src\aluminum\font.cpp(1082): warning C4244: '=' : conversion from 'double' to 'float', possible loss of data
     1>c:\aluminum\src\aluminum\font.cpp(1083): warning C4244: '=' : conversion from 'double' to 'float', possible loss of data
     1>c:\aluminum\src\aluminum\font.cpp(1084): warning C4244: '=' : conversion from 'double' to 'float', possible loss of data
     1>c:\aluminum\src\aluminum\font.cpp(1085): warning C4244: '=' : conversion from 'double' to 'float', possible loss of data
         FBO.cpp
         Camera.cpp
     1>c:\aluminum\src\aluminum\camera.cpp(166): warning C4244: '=' : conversion from 'double' to 'float', possible loss of data
     1>c:\aluminum\src\aluminum\camera.cpp(169): warning C4244: 'initializing' : conversion from 'double' to 'float', possible loss of data
     1>c:\aluminum\src\aluminum\camera.cpp(263): warning C4244: 'initializing' : conversion from 'double' to 'float', possible loss of data
     1>c:\aluminum\src\aluminum\camera.cpp(267): warning C4244: '+=' : conversion from 'double' to 'float', possible loss of data
     1>c:\aluminum\src\aluminum\camera.cpp(268): warning C4244: '+=' : conversion from 'double' to 'float', possible loss of data
     1>c:\aluminum\src\aluminum\camera.cpp(269): warning C4244: '+=' : conversion from 'double' to 'float', possible loss of data
     1>c:\aluminum\src\aluminum\camera.cpp(271): warning C4244: '+=' : conversion from 'double' to 'float', possible loss of data
     1>c:\aluminum\src\aluminum\camera.cpp(272): warning C4244: '+=' : conversion from 'double' to 'float', possible loss of data
     1>c:\aluminum\src\aluminum\camera.cpp(273): warning C4244: '+=' : conversion from 'double' to 'float', possible loss of data
     1>c:\aluminum\src\aluminum\camera.cpp(275): warning C4244: '+=' : conversion from 'double' to 'float', possible loss of data
     1>c:\aluminum\src\aluminum\camera.cpp(276): warning C4244: '+=' : conversion from 'double' to 'float', possible loss of data
     1>c:\aluminum\src\aluminum\camera.cpp(277): warning C4244: '+=' : conversion from 'double' to 'float', possible loss of data
         GLM: perspective function taking degrees as a parameter is deprecated. #define GLM_FORCE_RADIANS before including GLM headers to remove this message.
         Behavior.cpp
     1>c:\aluminum\include\aluminum\behavior.hpp(150): warning C4244: 'initializing' : conversion from 'double' to 'float', possible loss of data
     1>c:\aluminum\include\aluminum\behavior.hpp(155): warning C4244: '=' : conversion from 'double' to 'float', possible loss of data
     1>c:\aluminum\include\aluminum\behavior.hpp(158): warning C4244: '=' : conversion from 'double' to 'float', possible loss of data
     1>c:\aluminum\include\aluminum\behavior.hpp(162): warning C4244: '=' : conversion from 'double' to 'float', possible loss of data
     1>c:\aluminum\include\aluminum\behavior.hpp(163): warning C4244: '=' : conversion from 'double' to 'float', possible loss of data
     1>c:\aluminum\src\aluminum\behavior.cpp(34): warning C4244: '=' : conversion from 'double' to 'long', possible loss of data
     1>c:\aluminum\src\aluminum\behavior.cpp(238): warning C4244: '=' : conversion from 'double' to 'long', possible loss of data
         Generating Code...
       Link:
         C:\Program Files (x86)\Microsoft Visual Studio 12.0\VC\bin\link.exe /ERRORREPORT:PROMPT /OUT:"C:\aluminum\windows\examples\vs-demos\week2\Debug\week2.exe" /INCREMENTAL /NOLOGO kernel32.lib user32.lib gdi32.lib winspool.lib comdlg32.lib advapi32.lib shell32.lib ole32.lib oleaut32.lib uuid.lib odbc32.lib odbccp32.lib /MANIFEST /MANIFESTUAC:"level='asInvoker' uiAccess='false'" /manifest:embed /DEBUG /PDB:"C:\aluminum\windows\examples\vs-demos\week2\Debug\week2.pdb" /SUBSYSTEM:CONSOLE /TLBID:1 /DYNAMICBASE /NXCOMPAT /IMPLIB:"C:\aluminum\windows\examples\vs-demos\week2\Debug\week2.lib" /MACHINE:X86 Debug\Behavior.obj
         Debug\Camera.obj
         Debug\FBO.obj
         Debug\Font.obj
         Debug\MeshBuffer.obj
         Debug\MeshData.obj
         Debug\MeshUtils.obj
         Debug\Program.obj
         Debug\Shapes.obj
         Debug\Texture.obj
         Debug\FreeGlutGLView.obj
         Debug\RendererWin32.obj
         Debug\ResourceHandler.obj
         Debug\Transformation.obj
         week2.vcxproj -> C:\aluminum\windows\examples\vs-demos\week2\Debug\week2.exe
     1>Done Building Project "C:\aluminum\windows\examples\vs-demos\week2\week2\week2.vcxproj" (Rebuild target(s)).

Build succeeded.

Time Elapsed 00:00:09.84
