Build started 9/2/2014 12:01:08 AM.
     1>Project "C:\Users\Kyle\Dropbox\EVL\aluminum\windows\examples\Texture\Texture\Texture.vcxproj" on node 2 (Rebuild target(s)).
     1>ClCompile:
         E:\Applications\VC\bin\CL.exe /c /IC:\Users\Kyle\Dropbox\EVL\aluminum\src /IC:\Users\Kyle\Dropbox\EVL\aluminum\windows\src /IC:\Users\Kyle\Dropbox\EVL\aluminum\include /IC:\Users\Kyle\Dropbox\EVL\aluminum\windows\include /ZI /nologo /W3 /WX- /Od /Oy- /D WIN32 /D _DEBUG /D _CONSOLE /D _LIB /D _UNICODE /D UNICODE /Gm /EHsc /RTC1 /MDd /GS /fp:precise /Zc:wchar_t /Zc:forScope /Fo"Debug\\" /Fd"Debug\vc120.pdb" /Gd /TP /analyze- /errorReport:prompt ..\..\..\..\src\Aluminum\Behavior.cpp ..\..\..\..\src\Aluminum\Camera.cpp ..\..\..\..\src\Aluminum\FBO.cpp ..\..\..\..\src\Aluminum\Font.cpp ..\..\..\..\src\Aluminum\MeshBuffer.cpp ..\..\..\..\src\Aluminum\MeshData.cpp ..\..\..\..\src\Aluminum\MeshUtils.cpp ..\..\..\..\src\Aluminum\Program.cpp ..\..\..\..\src\Aluminum\Shapes.cpp ..\..\..\..\src\Aluminum\Texture.cpp ..\..\..\src\Aluminum\FreeGlutGLView.cpp ..\..\..\src\Aluminum\RendererWin32.cpp ..\..\..\src\Aluminum\ResourceHandler.cpp TextureExample.cpp
         TextureExample.cpp
     1>e:\libraries\glm-0.9.4.4\glm\gtx\string_cast.inl(30): warning C4996: 'vsprintf': This function or variable may be unsafe. Consider using vsprintf_s instead. To disable deprecation, use _CRT_SECURE_NO_WARNINGS. See online help for details.
                 e:\applications\vc\include\stdio.h(356) : see declaration of 'vsprintf'
     1>c:\users\kyle\dropbox\evl\aluminum\windows\examples\texture\texture\textureexample.cpp(94): warning C4244: '=' : conversion from 'double' to 'float', possible loss of data
         ResourceHandler.cpp
     1>e:\libraries\glm-0.9.4.4\glm\gtx\string_cast.inl(30): warning C4996: 'vsprintf': This function or variable may be unsafe. Consider using vsprintf_s instead. To disable deprecation, use _CRT_SECURE_NO_WARNINGS. See online help for details.
                 e:\applications\vc\include\stdio.h(356) : see declaration of 'vsprintf'
         RendererWin32.cpp
     1>e:\libraries\glm-0.9.4.4\glm\gtx\string_cast.inl(30): warning C4996: 'vsprintf': This function or variable may be unsafe. Consider using vsprintf_s instead. To disable deprecation, use _CRT_SECURE_NO_WARNINGS. See online help for details.
                 e:\applications\vc\include\stdio.h(356) : see declaration of 'vsprintf'
         FreeGlutGLView.cpp
     1>e:\libraries\glm-0.9.4.4\glm\gtx\string_cast.inl(30): warning C4996: 'vsprintf': This function or variable may be unsafe. Consider using vsprintf_s instead. To disable deprecation, use _CRT_SECURE_NO_WARNINGS. See online help for details.
                 e:\applications\vc\include\stdio.h(356) : see declaration of 'vsprintf'
     1>c:\users\kyle\dropbox\evl\aluminum\windows\src\aluminum\freeglutglview.cpp(33): warning C4101: 'bbb' : unreferenced local variable
         Texture.cpp
     1>e:\libraries\glm-0.9.4.4\glm\gtx\string_cast.inl(30): warning C4996: 'vsprintf': This function or variable may be unsafe. Consider using vsprintf_s instead. To disable deprecation, use _CRT_SECURE_NO_WARNINGS. See online help for details.
                 e:\applications\vc\include\stdio.h(356) : see declaration of 'vsprintf'
         Shapes.cpp
     1>e:\libraries\glm-0.9.4.4\glm\gtx\string_cast.inl(30): warning C4996: 'vsprintf': This function or variable may be unsafe. Consider using vsprintf_s instead. To disable deprecation, use _CRT_SECURE_NO_WARNINGS. See online help for details.
                 e:\applications\vc\include\stdio.h(356) : see declaration of 'vsprintf'
     1>c:\users\kyle\dropbox\evl\aluminum\src\aluminum\shapes.cpp(49): warning C4244: 'initializing' : conversion from 'double' to 'float', possible loss of data
     1>c:\users\kyle\dropbox\evl\aluminum\src\aluminum\shapes.cpp(50): warning C4244: 'initializing' : conversion from 'double' to 'float', possible loss of data
         Program.cpp
     1>e:\libraries\glm-0.9.4.4\glm\gtx\string_cast.inl(30): warning C4996: 'vsprintf': This function or variable may be unsafe. Consider using vsprintf_s instead. To disable deprecation, use _CRT_SECURE_NO_WARNINGS. See online help for details.
                 e:\applications\vc\include\stdio.h(356) : see declaration of 'vsprintf'
         MeshUtils.cpp
     1>e:\libraries\glm-0.9.4.4\glm\gtx\string_cast.inl(30): warning C4996: 'vsprintf': This function or variable may be unsafe. Consider using vsprintf_s instead. To disable deprecation, use _CRT_SECURE_NO_WARNINGS. See online help for details.
                 e:\applications\vc\include\stdio.h(356) : see declaration of 'vsprintf'
     1>c:\users\kyle\dropbox\evl\aluminum\src\aluminum\meshutils.cpp(917): warning C4244: 'initializing' : conversion from 'double' to 'float', possible loss of data
     1>c:\users\kyle\dropbox\evl\aluminum\src\aluminum\meshutils.cpp(918): warning C4244: 'initializing' : conversion from 'double' to 'float', possible loss of data
     1>c:\users\kyle\dropbox\evl\aluminum\src\aluminum\meshutils.cpp(926): warning C4244: 'initializing' : conversion from 'double' to 'float', possible loss of data
     1>c:\users\kyle\dropbox\evl\aluminum\src\aluminum\meshutils.cpp(927): warning C4244: 'initializing' : conversion from 'double' to 'float', possible loss of data
         MeshData.cpp
     1>e:\libraries\glm-0.9.4.4\glm\gtx\string_cast.inl(30): warning C4996: 'vsprintf': This function or variable may be unsafe. Consider using vsprintf_s instead. To disable deprecation, use _CRT_SECURE_NO_WARNINGS. See online help for details.
                 e:\applications\vc\include\stdio.h(356) : see declaration of 'vsprintf'
     1>c:\users\kyle\dropbox\evl\aluminum\src\aluminum\meshdata.cpp(29): warning C4018: '<' : signed/unsigned mismatch
     1>c:\users\kyle\dropbox\evl\aluminum\src\aluminum\meshdata.cpp(42): warning C4800: 'unsigned int' : forcing value to bool 'true' or 'false' (performance warning)
     1>c:\users\kyle\dropbox\evl\aluminum\src\aluminum\meshdata.cpp(43): warning C4800: 'unsigned int' : forcing value to bool 'true' or 'false' (performance warning)
     1>c:\users\kyle\dropbox\evl\aluminum\src\aluminum\meshdata.cpp(44): warning C4800: 'unsigned int' : forcing value to bool 'true' or 'false' (performance warning)
     1>c:\users\kyle\dropbox\evl\aluminum\src\aluminum\meshdata.cpp(47): warning C4800: 'unsigned int' : forcing value to bool 'true' or 'false' (performance warning)
     1>c:\users\kyle\dropbox\evl\aluminum\src\aluminum\meshdata.cpp(48): warning C4800: 'unsigned int' : forcing value to bool 'true' or 'false' (performance warning)
     1>c:\users\kyle\dropbox\evl\aluminum\src\aluminum\meshdata.cpp(50): warning C4800: 'unsigned int' : forcing value to bool 'true' or 'false' (performance warning)
     1>c:\users\kyle\dropbox\evl\aluminum\src\aluminum\meshdata.cpp(51): warning C4800: 'unsigned int' : forcing value to bool 'true' or 'false' (performance warning)
     1>c:\users\kyle\dropbox\evl\aluminum\src\aluminum\meshdata.cpp(53): warning C4800: 'unsigned int' : forcing value to bool 'true' or 'false' (performance warning)
     1>c:\users\kyle\dropbox\evl\aluminum\src\aluminum\meshdata.cpp(54): warning C4800: 'unsigned int' : forcing value to bool 'true' or 'false' (performance warning)
         MeshBuffer.cpp
     1>e:\libraries\glm-0.9.4.4\glm\gtx\string_cast.inl(30): warning C4996: 'vsprintf': This function or variable may be unsafe. Consider using vsprintf_s instead. To disable deprecation, use _CRT_SECURE_NO_WARNINGS. See online help for details.
                 e:\applications\vc\include\stdio.h(356) : see declaration of 'vsprintf'
         Font.cpp
     1>e:\libraries\glm-0.9.4.4\glm\gtx\string_cast.inl(30): warning C4996: 'vsprintf': This function or variable may be unsafe. Consider using vsprintf_s instead. To disable deprecation, use _CRT_SECURE_NO_WARNINGS. See online help for details.
                 e:\applications\vc\include\stdio.h(356) : see declaration of 'vsprintf'
     1>c:\users\kyle\dropbox\evl\aluminum\src\aluminum\font.cpp(278): warning C4244: '=' : conversion from 'double' to 'float', possible loss of data
     1>c:\users\kyle\dropbox\evl\aluminum\src\aluminum\font.cpp(279): warning C4244: '=' : conversion from 'double' to 'float', possible loss of data
     1>c:\users\kyle\dropbox\evl\aluminum\src\aluminum\font.cpp(283): warning C4244: '=' : conversion from 'double' to 'float', possible loss of data
     1>c:\users\kyle\dropbox\evl\aluminum\src\aluminum\font.cpp(284): warning C4244: '=' : conversion from 'double' to 'float', possible loss of data
     1>c:\users\kyle\dropbox\evl\aluminum\src\aluminum\font.cpp(290): warning C4244: 'initializing' : conversion from 'double' to 'float', possible loss of data
     1>c:\users\kyle\dropbox\evl\aluminum\src\aluminum\font.cpp(295): warning C4244: 'initializing' : conversion from 'double' to 'float', possible loss of data
     1>c:\users\kyle\dropbox\evl\aluminum\src\aluminum\font.cpp(369): warning C4244: '=' : conversion from 'int' to 'float', possible loss of data
     1>c:\users\kyle\dropbox\evl\aluminum\src\aluminum\font.cpp(374): warning C4244: '=' : conversion from 'double' to 'float', possible loss of data
     1>c:\users\kyle\dropbox\evl\aluminum\src\aluminum\font.cpp(375): warning C4244: '=' : conversion from 'double' to 'float', possible loss of data
     1>c:\users\kyle\dropbox\evl\aluminum\src\aluminum\font.cpp(379): warning C4244: '=' : conversion from 'double' to 'float', possible loss of data
     1>c:\users\kyle\dropbox\evl\aluminum\src\aluminum\font.cpp(380): warning C4244: '=' : conversion from 'double' to 'float', possible loss of data
     1>c:\users\kyle\dropbox\evl\aluminum\src\aluminum\font.cpp(384): warning C4244: '=' : conversion from 'double' to 'float', possible loss of data
     1>c:\users\kyle\dropbox\evl\aluminum\src\aluminum\font.cpp(385): warning C4244: '=' : conversion from 'double' to 'float', possible loss of data
     1>c:\users\kyle\dropbox\evl\aluminum\src\aluminum\font.cpp(390): warning C4244: '=' : conversion from 'double' to 'float', possible loss of data
     1>c:\users\kyle\dropbox\evl\aluminum\src\aluminum\font.cpp(391): warning C4244: '=' : conversion from 'double' to 'float', possible loss of data
     1>c:\users\kyle\dropbox\evl\aluminum\src\aluminum\font.cpp(394): warning C4244: '=' : conversion from 'double' to 'float', possible loss of data
     1>c:\users\kyle\dropbox\evl\aluminum\src\aluminum\font.cpp(395): warning C4244: '=' : conversion from 'double' to 'float', possible loss of data
     1>c:\users\kyle\dropbox\evl\aluminum\src\aluminum\font.cpp(397): warning C4244: '=' : conversion from 'double' to 'float', possible loss of data
     1>c:\users\kyle\dropbox\evl\aluminum\src\aluminum\font.cpp(398): warning C4244: '=' : conversion from 'double' to 'float', possible loss of data
     1>c:\users\kyle\dropbox\evl\aluminum\src\aluminum\font.cpp(418): warning C4244: 'argument' : conversion from 'int' to 'const float', possible loss of data
     1>c:\users\kyle\dropbox\evl\aluminum\src\aluminum\font.cpp(794): warning C4244: '=' : conversion from 'double' to 'float', possible loss of data
     1>c:\users\kyle\dropbox\evl\aluminum\src\aluminum\font.cpp(798): warning C4244: '=' : conversion from 'double' to 'float', possible loss of data
     1>c:\users\kyle\dropbox\evl\aluminum\src\aluminum\font.cpp(971): warning C4244: '=' : conversion from 'double' to 'float', possible loss of data
     1>c:\users\kyle\dropbox\evl\aluminum\src\aluminum\font.cpp(1047): warning C4244: '=' : conversion from 'double' to 'float', possible loss of data
     1>c:\users\kyle\dropbox\evl\aluminum\src\aluminum\font.cpp(1082): warning C4244: '=' : conversion from 'double' to 'float', possible loss of data
     1>c:\users\kyle\dropbox\evl\aluminum\src\aluminum\font.cpp(1083): warning C4244: '=' : conversion from 'double' to 'float', possible loss of data
     1>c:\users\kyle\dropbox\evl\aluminum\src\aluminum\font.cpp(1084): warning C4244: '=' : conversion from 'double' to 'float', possible loss of data
     1>c:\users\kyle\dropbox\evl\aluminum\src\aluminum\font.cpp(1085): warning C4244: '=' : conversion from 'double' to 'float', possible loss of data
         FBO.cpp
     1>e:\libraries\glm-0.9.4.4\glm\gtx\string_cast.inl(30): warning C4996: 'vsprintf': This function or variable may be unsafe. Consider using vsprintf_s instead. To disable deprecation, use _CRT_SECURE_NO_WARNINGS. See online help for details.
                 e:\applications\vc\include\stdio.h(356) : see declaration of 'vsprintf'
         Camera.cpp
     1>e:\libraries\glm-0.9.4.4\glm\gtx\string_cast.inl(30): warning C4996: 'vsprintf': This function or variable may be unsafe. Consider using vsprintf_s instead. To disable deprecation, use _CRT_SECURE_NO_WARNINGS. See online help for details.
                 e:\applications\vc\include\stdio.h(356) : see declaration of 'vsprintf'
     1>c:\users\kyle\dropbox\evl\aluminum\src\aluminum\camera.cpp(166): warning C4244: '=' : conversion from 'double' to 'float', possible loss of data
     1>c:\users\kyle\dropbox\evl\aluminum\src\aluminum\camera.cpp(169): warning C4244: 'initializing' : conversion from 'double' to 'float', possible loss of data
     1>c:\users\kyle\dropbox\evl\aluminum\src\aluminum\camera.cpp(263): warning C4244: 'initializing' : conversion from 'double' to 'float', possible loss of data
     1>c:\users\kyle\dropbox\evl\aluminum\src\aluminum\camera.cpp(267): warning C4244: '+=' : conversion from 'double' to 'float', possible loss of data
     1>c:\users\kyle\dropbox\evl\aluminum\src\aluminum\camera.cpp(268): warning C4244: '+=' : conversion from 'double' to 'float', possible loss of data
     1>c:\users\kyle\dropbox\evl\aluminum\src\aluminum\camera.cpp(269): warning C4244: '+=' : conversion from 'double' to 'float', possible loss of data
     1>c:\users\kyle\dropbox\evl\aluminum\src\aluminum\camera.cpp(271): warning C4244: '+=' : conversion from 'double' to 'float', possible loss of data
     1>c:\users\kyle\dropbox\evl\aluminum\src\aluminum\camera.cpp(272): warning C4244: '+=' : conversion from 'double' to 'float', possible loss of data
     1>c:\users\kyle\dropbox\evl\aluminum\src\aluminum\camera.cpp(273): warning C4244: '+=' : conversion from 'double' to 'float', possible loss of data
     1>c:\users\kyle\dropbox\evl\aluminum\src\aluminum\camera.cpp(275): warning C4244: '+=' : conversion from 'double' to 'float', possible loss of data
     1>c:\users\kyle\dropbox\evl\aluminum\src\aluminum\camera.cpp(276): warning C4244: '+=' : conversion from 'double' to 'float', possible loss of data
     1>c:\users\kyle\dropbox\evl\aluminum\src\aluminum\camera.cpp(277): warning C4244: '+=' : conversion from 'double' to 'float', possible loss of data
         Behavior.cpp
     1>e:\libraries\glm-0.9.4.4\glm\gtx\string_cast.inl(30): warning C4996: 'vsprintf': This function or variable may be unsafe. Consider using vsprintf_s instead. To disable deprecation, use _CRT_SECURE_NO_WARNINGS. See online help for details.
                 e:\applications\vc\include\stdio.h(356) : see declaration of 'vsprintf'
     1>c:\users\kyle\dropbox\evl\aluminum\include\aluminum\behavior.hpp(150): warning C4244: 'initializing' : conversion from 'double' to 'float', possible loss of data
     1>c:\users\kyle\dropbox\evl\aluminum\include\aluminum\behavior.hpp(155): warning C4244: '=' : conversion from 'double' to 'float', possible loss of data
     1>c:\users\kyle\dropbox\evl\aluminum\include\aluminum\behavior.hpp(158): warning C4244: '=' : conversion from 'double' to 'float', possible loss of data
     1>c:\users\kyle\dropbox\evl\aluminum\include\aluminum\behavior.hpp(162): warning C4244: '=' : conversion from 'double' to 'float', possible loss of data
     1>c:\users\kyle\dropbox\evl\aluminum\include\aluminum\behavior.hpp(163): warning C4244: '=' : conversion from 'double' to 'float', possible loss of data
     1>c:\users\kyle\dropbox\evl\aluminum\src\aluminum\behavior.cpp(34): warning C4244: '=' : conversion from 'double' to 'long', possible loss of data
     1>c:\users\kyle\dropbox\evl\aluminum\src\aluminum\behavior.cpp(238): warning C4244: '=' : conversion from 'double' to 'long', possible loss of data
         Generating Code...
       Link:
         E:\Applications\VC\bin\link.exe /ERRORREPORT:PROMPT /OUT:"C:\Users\Kyle\Dropbox\EVL\aluminum\windows\examples\Texture\Debug\Texture.exe" /INCREMENTAL /NOLOGO kernel32.lib user32.lib gdi32.lib winspool.lib comdlg32.lib advapi32.lib shell32.lib ole32.lib oleaut32.lib uuid.lib odbc32.lib odbccp32.lib /MANIFEST /MANIFESTUAC:"level='asInvoker' uiAccess='false'" /manifest:embed /DEBUG /PDB:"C:\Users\Kyle\Dropbox\EVL\aluminum\windows\examples\Texture\Debug\Texture.pdb" /SUBSYSTEM:CONSOLE /TLBID:1 /DYNAMICBASE /NXCOMPAT /IMPLIB:"C:\Users\Kyle\Dropbox\EVL\aluminum\windows\examples\Texture\Debug\Texture.lib" /MACHINE:X86 Debug\Behavior.obj
         Debug\Camera.obj
         Debug\FBO.obj
         Debug\Font.obj
         Debug\MeshBuffer.obj
         Debug\MeshData.obj
         Debug\MeshUtils.obj
         Debug\Program.obj
         Debug\Shapes.obj
         Debug\Texture.obj
         Debug\FreeGlutGLView.obj
         Debug\RendererWin32.obj
         Debug\ResourceHandler.obj
         Debug\TextureExample.obj
     1>FreeImaged.lib(BitmapAccess.obj) : warning LNK4099: PDB 'vc120.pdb' was not found with 'FreeImaged.lib(BitmapAccess.obj)' or at 'C:\Users\Kyle\Dropbox\EVL\aluminum\windows\examples\Texture\Debug\vc120.pdb'; linking object as if no debug info
     1>FreeImaged.lib(ColorLookup.obj) : warning LNK4099: PDB 'vc120.pdb' was not found with 'FreeImaged.lib(ColorLookup.obj)' or at 'C:\Users\Kyle\Dropbox\EVL\aluminum\windows\examples\Texture\Debug\vc120.pdb'; linking object as if no debug info
     1>FreeImaged.lib(FreeImage.obj) : warning LNK4099: PDB 'vc120.pdb' was not found with 'FreeImaged.lib(FreeImage.obj)' or at 'C:\Users\Kyle\Dropbox\EVL\aluminum\windows\examples\Texture\Debug\vc120.pdb'; linking object as if no debug info
     1>FreeImaged.lib(FreeImageIO.obj) : warning LNK4099: PDB 'vc120.pdb' was not found with 'FreeImaged.lib(FreeImageIO.obj)' or at 'C:\Users\Kyle\Dropbox\EVL\aluminum\windows\examples\Texture\Debug\vc120.pdb'; linking object as if no debug info
     1>FreeImaged.lib(GetType.obj) : warning LNK4099: PDB 'vc120.pdb' was not found with 'FreeImaged.lib(GetType.obj)' or at 'C:\Users\Kyle\Dropbox\EVL\aluminum\windows\examples\Texture\Debug\vc120.pdb'; linking object as if no debug info
     1>FreeImaged.lib(MemoryIO.obj) : warning LNK4099: PDB 'vc120.pdb' was not found with 'FreeImaged.lib(MemoryIO.obj)' or at 'C:\Users\Kyle\Dropbox\EVL\aluminum\windows\examples\Texture\Debug\vc120.pdb'; linking object as if no debug info
     1>FreeImaged.lib(PixelAccess.obj) : warning LNK4099: PDB 'vc120.pdb' was not found with 'FreeImaged.lib(PixelAccess.obj)' or at 'C:\Users\Kyle\Dropbox\EVL\aluminum\windows\examples\Texture\Debug\vc120.pdb'; linking object as if no debug info
     1>FreeImaged.lib(NNQuantizer.obj) : warning LNK4099: PDB 'vc120.pdb' was not found with 'FreeImaged.lib(NNQuantizer.obj)' or at 'C:\Users\Kyle\Dropbox\EVL\aluminum\windows\examples\Texture\Debug\vc120.pdb'; linking object as if no debug info
     1>FreeImaged.lib(WuQuantizer.obj) : warning LNK4099: PDB 'vc120.pdb' was not found with 'FreeImaged.lib(WuQuantizer.obj)' or at 'C:\Users\Kyle\Dropbox\EVL\aluminum\windows\examples\Texture\Debug\vc120.pdb'; linking object as if no debug info
     1>FreeImaged.lib(Conversion.obj) : warning LNK4099: PDB 'vc120.pdb' was not found with 'FreeImaged.lib(Conversion.obj)' or at 'C:\Users\Kyle\Dropbox\EVL\aluminum\windows\examples\Texture\Debug\vc120.pdb'; linking object as if no debug info
     1>FreeImaged.lib(Conversion16_555.obj) : warning LNK4099: PDB 'vc120.pdb' was not found with 'FreeImaged.lib(Conversion16_555.obj)' or at 'C:\Users\Kyle\Dropbox\EVL\aluminum\windows\examples\Texture\Debug\vc120.pdb'; linking object as if no debug info
     1>FreeImaged.lib(Conversion16_565.obj) : warning LNK4099: PDB 'vc120.pdb' was not found with 'FreeImaged.lib(Conversion16_565.obj)' or at 'C:\Users\Kyle\Dropbox\EVL\aluminum\windows\examples\Texture\Debug\vc120.pdb'; linking object as if no debug info
     1>FreeImaged.lib(Conversion24.obj) : warning LNK4099: PDB 'vc120.pdb' was not found with 'FreeImaged.lib(Conversion24.obj)' or at 'C:\Users\Kyle\Dropbox\EVL\aluminum\windows\examples\Texture\Debug\vc120.pdb'; linking object as if no debug info
     1>FreeImaged.lib(Conversion32.obj) : warning LNK4099: PDB 'vc120.pdb' was not found with 'FreeImaged.lib(Conversion32.obj)' or at 'C:\Users\Kyle\Dropbox\EVL\aluminum\windows\examples\Texture\Debug\vc120.pdb'; linking object as if no debug info
     1>FreeImaged.lib(Conversion8.obj) : warning LNK4099: PDB 'vc120.pdb' was not found with 'FreeImaged.lib(Conversion8.obj)' or at 'C:\Users\Kyle\Dropbox\EVL\aluminum\windows\examples\Texture\Debug\vc120.pdb'; linking object as if no debug info
     1>FreeImaged.lib(ConversionRGB16.obj) : warning LNK4099: PDB 'vc120.pdb' was not found with 'FreeImaged.lib(ConversionRGB16.obj)' or at 'C:\Users\Kyle\Dropbox\EVL\aluminum\windows\examples\Texture\Debug\vc120.pdb'; linking object as if no debug info
     1>FreeImaged.lib(ConversionRGBF.obj) : warning LNK4099: PDB 'vc120.pdb' was not found with 'FreeImaged.lib(ConversionRGBF.obj)' or at 'C:\Users\Kyle\Dropbox\EVL\aluminum\windows\examples\Texture\Debug\vc120.pdb'; linking object as if no debug info
     1>FreeImaged.lib(J2KHelper.obj) : warning LNK4099: PDB 'vc120.pdb' was not found with 'FreeImaged.lib(J2KHelper.obj)' or at 'C:\Users\Kyle\Dropbox\EVL\aluminum\windows\examples\Texture\Debug\vc120.pdb'; linking object as if no debug info
     1>FreeImaged.lib(MNGHelper.obj) : warning LNK4099: PDB 'vc120.pdb' was not found with 'FreeImaged.lib(MNGHelper.obj)' or at 'C:\Users\Kyle\Dropbox\EVL\aluminum\windows\examples\Texture\Debug\vc120.pdb'; linking object as if no debug info
     1>FreeImaged.lib(Plugin.obj) : warning LNK4099: PDB 'vc120.pdb' was not found with 'FreeImaged.lib(Plugin.obj)' or at 'C:\Users\Kyle\Dropbox\EVL\aluminum\windows\examples\Texture\Debug\vc120.pdb'; linking object as if no debug info
     1>FreeImaged.lib(PluginBMP.obj) : warning LNK4099: PDB 'vc120.pdb' was not found with 'FreeImaged.lib(PluginBMP.obj)' or at 'C:\Users\Kyle\Dropbox\EVL\aluminum\windows\examples\Texture\Debug\vc120.pdb'; linking object as if no debug info
     1>FreeImaged.lib(PluginCUT.obj) : warning LNK4099: PDB 'vc120.pdb' was not found with 'FreeImaged.lib(PluginCUT.obj)' or at 'C:\Users\Kyle\Dropbox\EVL\aluminum\windows\examples\Texture\Debug\vc120.pdb'; linking object as if no debug info
     1>FreeImaged.lib(PluginDDS.obj) : warning LNK4099: PDB 'vc120.pdb' was not found with 'FreeImaged.lib(PluginDDS.obj)' or at 'C:\Users\Kyle\Dropbox\EVL\aluminum\windows\examples\Texture\Debug\vc120.pdb'; linking object as if no debug info
     1>FreeImaged.lib(PluginEXR.obj) : warning LNK4099: PDB 'vc120.pdb' was not found with 'FreeImaged.lib(PluginEXR.obj)' or at 'C:\Users\Kyle\Dropbox\EVL\aluminum\windows\examples\Texture\Debug\vc120.pdb'; linking object as if no debug info
     1>FreeImaged.lib(PluginG3.obj) : warning LNK4099: PDB 'vc120.pdb' was not found with 'FreeImaged.lib(PluginG3.obj)' or at 'C:\Users\Kyle\Dropbox\EVL\aluminum\windows\examples\Texture\Debug\vc120.pdb'; linking object as if no debug info
     1>FreeImaged.lib(PluginGIF.obj) : warning LNK4099: PDB 'vc120.pdb' was not found with 'FreeImaged.lib(PluginGIF.obj)' or at 'C:\Users\Kyle\Dropbox\EVL\aluminum\windows\examples\Texture\Debug\vc120.pdb'; linking object as if no debug info
     1>FreeImaged.lib(PluginHDR.obj) : warning LNK4099: PDB 'vc120.pdb' was not found with 'FreeImaged.lib(PluginHDR.obj)' or at 'C:\Users\Kyle\Dropbox\EVL\aluminum\windows\examples\Texture\Debug\vc120.pdb'; linking object as if no debug info
     1>FreeImaged.lib(PluginICO.obj) : warning LNK4099: PDB 'vc120.pdb' was not found with 'FreeImaged.lib(PluginICO.obj)' or at 'C:\Users\Kyle\Dropbox\EVL\aluminum\windows\examples\Texture\Debug\vc120.pdb'; linking object as if no debug info
     1>FreeImaged.lib(PluginIFF.obj) : warning LNK4099: PDB 'vc120.pdb' was not found with 'FreeImaged.lib(PluginIFF.obj)' or at 'C:\Users\Kyle\Dropbox\EVL\aluminum\windows\examples\Texture\Debug\vc120.pdb'; linking object as if no debug info
     1>FreeImaged.lib(PluginJ2K.obj) : warning LNK4099: PDB 'vc120.pdb' was not found with 'FreeImaged.lib(PluginJ2K.obj)' or at 'C:\Users\Kyle\Dropbox\EVL\aluminum\windows\examples\Texture\Debug\vc120.pdb'; linking object as if no debug info
     1>FreeImaged.lib(PluginJNG.obj) : warning LNK4099: PDB 'vc120.pdb' was not found with 'FreeImaged.lib(PluginJNG.obj)' or at 'C:\Users\Kyle\Dropbox\EVL\aluminum\windows\examples\Texture\Debug\vc120.pdb'; linking object as if no debug info
     1>FreeImaged.lib(PluginJP2.obj) : warning LNK4099: PDB 'vc120.pdb' was not found with 'FreeImaged.lib(PluginJP2.obj)' or at 'C:\Users\Kyle\Dropbox\EVL\aluminum\windows\examples\Texture\Debug\vc120.pdb'; linking object as if no debug info
     1>FreeImaged.lib(PluginJPEG.obj) : warning LNK4099: PDB 'vc120.pdb' was not found with 'FreeImaged.lib(PluginJPEG.obj)' or at 'C:\Users\Kyle\Dropbox\EVL\aluminum\windows\examples\Texture\Debug\vc120.pdb'; linking object as if no debug info
     1>FreeImaged.lib(PluginJXR.obj) : warning LNK4099: PDB 'vc120.pdb' was not found with 'FreeImaged.lib(PluginJXR.obj)' or at 'C:\Users\Kyle\Dropbox\EVL\aluminum\windows\examples\Texture\Debug\vc120.pdb'; linking object as if no debug info
     1>FreeImaged.lib(PluginKOALA.obj) : warning LNK4099: PDB 'vc120.pdb' was not found with 'FreeImaged.lib(PluginKOALA.obj)' or at 'C:\Users\Kyle\Dropbox\EVL\aluminum\windows\examples\Texture\Debug\vc120.pdb'; linking object as if no debug info
     1>FreeImaged.lib(PluginMNG.obj) : warning LNK4099: PDB 'vc120.pdb' was not found with 'FreeImaged.lib(PluginMNG.obj)' or at 'C:\Users\Kyle\Dropbox\EVL\aluminum\windows\examples\Texture\Debug\vc120.pdb'; linking object as if no debug info
     1>FreeImaged.lib(PluginPCD.obj) : warning LNK4099: PDB 'vc120.pdb' was not found with 'FreeImaged.lib(PluginPCD.obj)' or at 'C:\Users\Kyle\Dropbox\EVL\aluminum\windows\examples\Texture\Debug\vc120.pdb'; linking object as if no debug info
     1>FreeImaged.lib(PluginPCX.obj) : warning LNK4099: PDB 'vc120.pdb' was not found with 'FreeImaged.lib(PluginPCX.obj)' or at 'C:\Users\Kyle\Dropbox\EVL\aluminum\windows\examples\Texture\Debug\vc120.pdb'; linking object as if no debug info
     1>FreeImaged.lib(PluginPFM.obj) : warning LNK4099: PDB 'vc120.pdb' was not found with 'FreeImaged.lib(PluginPFM.obj)' or at 'C:\Users\Kyle\Dropbox\EVL\aluminum\windows\examples\Texture\Debug\vc120.pdb'; linking object as if no debug info
     1>FreeImaged.lib(PluginPICT.obj) : warning LNK4099: PDB 'vc120.pdb' was not found with 'FreeImaged.lib(PluginPICT.obj)' or at 'C:\Users\Kyle\Dropbox\EVL\aluminum\windows\examples\Texture\Debug\vc120.pdb'; linking object as if no debug info
     1>FreeImaged.lib(PluginPNG.obj) : warning LNK4099: PDB 'vc120.pdb' was not found with 'FreeImaged.lib(PluginPNG.obj)' or at 'C:\Users\Kyle\Dropbox\EVL\aluminum\windows\examples\Texture\Debug\vc120.pdb'; linking object as if no debug info
     1>FreeImaged.lib(PluginPNM.obj) : warning LNK4099: PDB 'vc120.pdb' was not found with 'FreeImaged.lib(PluginPNM.obj)' or at 'C:\Users\Kyle\Dropbox\EVL\aluminum\windows\examples\Texture\Debug\vc120.pdb'; linking object as if no debug info
     1>FreeImaged.lib(PluginPSD.obj) : warning LNK4099: PDB 'vc120.pdb' was not found with 'FreeImaged.lib(PluginPSD.obj)' or at 'C:\Users\Kyle\Dropbox\EVL\aluminum\windows\examples\Texture\Debug\vc120.pdb'; linking object as if no debug info
     1>FreeImaged.lib(PluginRAS.obj) : warning LNK4099: PDB 'vc120.pdb' was not found with 'FreeImaged.lib(PluginRAS.obj)' or at 'C:\Users\Kyle\Dropbox\EVL\aluminum\windows\examples\Texture\Debug\vc120.pdb'; linking object as if no debug info
     1>FreeImaged.lib(PluginRAW.obj) : warning LNK4099: PDB 'vc120.pdb' was not found with 'FreeImaged.lib(PluginRAW.obj)' or at 'C:\Users\Kyle\Dropbox\EVL\aluminum\windows\examples\Texture\Debug\vc120.pdb'; linking object as if no debug info
     1>FreeImaged.lib(PluginSGI.obj) : warning LNK4099: PDB 'vc120.pdb' was not found with 'FreeImaged.lib(PluginSGI.obj)' or at 'C:\Users\Kyle\Dropbox\EVL\aluminum\windows\examples\Texture\Debug\vc120.pdb'; linking object as if no debug info
     1>FreeImaged.lib(PluginTARGA.obj) : warning LNK4099: PDB 'vc120.pdb' was not found with 'FreeImaged.lib(PluginTARGA.obj)' or at 'C:\Users\Kyle\Dropbox\EVL\aluminum\windows\examples\Texture\Debug\vc120.pdb'; linking object as if no debug info
     1>FreeImaged.lib(PluginTIFF.obj) : warning LNK4099: PDB 'vc120.pdb' was not found with 'FreeImaged.lib(PluginTIFF.obj)' or at 'C:\Users\Kyle\Dropbox\EVL\aluminum\windows\examples\Texture\Debug\vc120.pdb'; linking object as if no debug info
     1>FreeImaged.lib(PluginWBMP.obj) : warning LNK4099: PDB 'vc120.pdb' was not found with 'FreeImaged.lib(PluginWBMP.obj)' or at 'C:\Users\Kyle\Dropbox\EVL\aluminum\windows\examples\Texture\Debug\vc120.pdb'; linking object as if no debug info
     1>FreeImaged.lib(PluginWebP.obj) : warning LNK4099: PDB 'vc120.pdb' was not found with 'FreeImaged.lib(PluginWebP.obj)' or at 'C:\Users\Kyle\Dropbox\EVL\aluminum\windows\examples\Texture\Debug\vc120.pdb'; linking object as if no debug info
     1>FreeImaged.lib(PluginXBM.obj) : warning LNK4099: PDB 'vc120.pdb' was not found with 'FreeImaged.lib(PluginXBM.obj)' or at 'C:\Users\Kyle\Dropbox\EVL\aluminum\windows\examples\Texture\Debug\vc120.pdb'; linking object as if no debug info
     1>FreeImaged.lib(PluginXPM.obj) : warning LNK4099: PDB 'vc120.pdb' was not found with 'FreeImaged.lib(PluginXPM.obj)' or at 'C:\Users\Kyle\Dropbox\EVL\aluminum\windows\examples\Texture\Debug\vc120.pdb'; linking object as if no debug info
     1>FreeImaged.lib(PSDParser.obj) : warning LNK4099: PDB 'vc120.pdb' was not found with 'FreeImaged.lib(PSDParser.obj)' or at 'C:\Users\Kyle\Dropbox\EVL\aluminum\windows\examples\Texture\Debug\vc120.pdb'; linking object as if no debug info
     1>FreeImaged.lib(TIFFLogLuv.obj) : warning LNK4099: PDB 'vc120.pdb' was not found with 'FreeImaged.lib(TIFFLogLuv.obj)' or at 'C:\Users\Kyle\Dropbox\EVL\aluminum\windows\examples\Texture\Debug\vc120.pdb'; linking object as if no debug info
     1>FreeImaged.lib(ZLibInterface.obj) : warning LNK4099: PDB 'vc120.pdb' was not found with 'FreeImaged.lib(ZLibInterface.obj)' or at 'C:\Users\Kyle\Dropbox\EVL\aluminum\windows\examples\Texture\Debug\vc120.pdb'; linking object as if no debug info
     1>FreeImaged.lib(Exif.obj) : warning LNK4099: PDB 'vc120.pdb' was not found with 'FreeImaged.lib(Exif.obj)' or at 'C:\Users\Kyle\Dropbox\EVL\aluminum\windows\examples\Texture\Debug\vc120.pdb'; linking object as if no debug info
     1>FreeImaged.lib(FIRational.obj) : warning LNK4099: PDB 'vc120.pdb' was not found with 'FreeImaged.lib(FIRational.obj)' or at 'C:\Users\Kyle\Dropbox\EVL\aluminum\windows\examples\Texture\Debug\vc120.pdb'; linking object as if no debug info
     1>FreeImaged.lib(FreeImageTag.obj) : warning LNK4099: PDB 'vc120.pdb' was not found with 'FreeImaged.lib(FreeImageTag.obj)' or at 'C:\Users\Kyle\Dropbox\EVL\aluminum\windows\examples\Texture\Debug\vc120.pdb'; linking object as if no debug info
     1>FreeImaged.lib(IPTC.obj) : warning LNK4099: PDB 'vc120.pdb' was not found with 'FreeImaged.lib(IPTC.obj)' or at 'C:\Users\Kyle\Dropbox\EVL\aluminum\windows\examples\Texture\Debug\vc120.pdb'; linking object as if no debug info
     1>FreeImaged.lib(TagLib.obj) : warning LNK4099: PDB 'vc120.pdb' was not found with 'FreeImaged.lib(TagLib.obj)' or at 'C:\Users\Kyle\Dropbox\EVL\aluminum\windows\examples\Texture\Debug\vc120.pdb'; linking object as if no debug info
     1>FreeImaged.lib(XTIFF.obj) : warning LNK4099: PDB 'vc120.pdb' was not found with 'FreeImaged.lib(XTIFF.obj)' or at 'C:\Users\Kyle\Dropbox\EVL\aluminum\windows\examples\Texture\Debug\vc120.pdb'; linking object as if no debug info
     1>FreeImaged.lib(Channels.obj) : warning LNK4099: PDB 'vc120.pdb' was not found with 'FreeImaged.lib(Channels.obj)' or at 'C:\Users\Kyle\Dropbox\EVL\aluminum\windows\examples\Texture\Debug\vc120.pdb'; linking object as if no debug info
     1>FreeImaged.lib(ClassicRotate.obj) : warning LNK4099: PDB 'vc120.pdb' was not found with 'FreeImaged.lib(ClassicRotate.obj)' or at 'C:\Users\Kyle\Dropbox\EVL\aluminum\windows\examples\Texture\Debug\vc120.pdb'; linking object as if no debug info
     1>FreeImaged.lib(Colors.obj) : warning LNK4099: PDB 'vc120.pdb' was not found with 'FreeImaged.lib(Colors.obj)' or at 'C:\Users\Kyle\Dropbox\EVL\aluminum\windows\examples\Texture\Debug\vc120.pdb'; linking object as if no debug info
     1>FreeImaged.lib(Flip.obj) : warning LNK4099: PDB 'vc120.pdb' was not found with 'FreeImaged.lib(Flip.obj)' or at 'C:\Users\Kyle\Dropbox\EVL\aluminum\windows\examples\Texture\Debug\vc120.pdb'; linking object as if no debug info
     1>FreeImaged.lib(IlmThreadSemaphore.obj) : warning LNK4099: PDB 'vc120.pdb' was not found with 'FreeImaged.lib(IlmThreadSemaphore.obj)' or at 'C:\Users\Kyle\Dropbox\EVL\aluminum\windows\examples\Texture\Debug\vc120.pdb'; linking object as if no debug info
     1>FreeImaged.lib(IlmThreadPool.obj) : warning LNK4099: PDB 'vc120.pdb' was not found with 'FreeImaged.lib(IlmThreadPool.obj)' or at 'C:\Users\Kyle\Dropbox\EVL\aluminum\windows\examples\Texture\Debug\vc120.pdb'; linking object as if no debug info
     1>FreeImaged.lib(IlmThreadMutex.obj) : warning LNK4099: PDB 'vc120.pdb' was not found with 'FreeImaged.lib(IlmThreadMutex.obj)' or at 'C:\Users\Kyle\Dropbox\EVL\aluminum\windows\examples\Texture\Debug\vc120.pdb'; linking object as if no debug info
     1>FreeImaged.lib(IlmThread.obj) : warning LNK4099: PDB 'vc120.pdb' was not found with 'FreeImaged.lib(IlmThread.obj)' or at 'C:\Users\Kyle\Dropbox\EVL\aluminum\windows\examples\Texture\Debug\vc120.pdb'; linking object as if no debug info
     1>FreeImaged.lib(half.obj) : warning LNK4099: PDB 'vc120.pdb' was not found with 'FreeImaged.lib(half.obj)' or at 'C:\Users\Kyle\Dropbox\EVL\aluminum\windows\examples\Texture\Debug\vc120.pdb'; linking object as if no debug info
     1>FreeImaged.lib(IexThrowErrnoExc.obj) : warning LNK4099: PDB 'vc120.pdb' was not found with 'FreeImaged.lib(IexThrowErrnoExc.obj)' or at 'C:\Users\Kyle\Dropbox\EVL\aluminum\windows\examples\Texture\Debug\vc120.pdb'; linking object as if no debug info
     1>FreeImaged.lib(IexBaseExc.obj) : warning LNK4099: PDB 'vc120.pdb' was not found with 'FreeImaged.lib(IexBaseExc.obj)' or at 'C:\Users\Kyle\Dropbox\EVL\aluminum\windows\examples\Texture\Debug\vc120.pdb'; linking object as if no debug info
     1>FreeImaged.lib(ImfZipCompressor.obj) : warning LNK4099: PDB 'vc120.pdb' was not found with 'FreeImaged.lib(ImfZipCompressor.obj)' or at 'C:\Users\Kyle\Dropbox\EVL\aluminum\windows\examples\Texture\Debug\vc120.pdb'; linking object as if no debug info
     1>FreeImaged.lib(ImfWav.obj) : warning LNK4099: PDB 'vc120.pdb' was not found with 'FreeImaged.lib(ImfWav.obj)' or at 'C:\Users\Kyle\Dropbox\EVL\aluminum\windows\examples\Texture\Debug\vc120.pdb'; linking object as if no debug info
     1>FreeImaged.lib(ImfVecAttribute.obj) : warning LNK4099: PDB 'vc120.pdb' was not found with 'FreeImaged.lib(ImfVecAttribute.obj)' or at 'C:\Users\Kyle\Dropbox\EVL\aluminum\windows\examples\Texture\Debug\vc120.pdb'; linking object as if no debug info
     1>FreeImaged.lib(ImfTimeCodeAttribute.obj) : warning LNK4099: PDB 'vc120.pdb' was not found with 'FreeImaged.lib(ImfTimeCodeAttribute.obj)' or at 'C:\Users\Kyle\Dropbox\EVL\aluminum\windows\examples\Texture\Debug\vc120.pdb'; linking object as if no debug info
     1>FreeImaged.lib(ImfTimeCode.obj) : warning LNK4099: PDB 'vc120.pdb' was not found with 'FreeImaged.lib(ImfTimeCode.obj)' or at 'C:\Users\Kyle\Dropbox\EVL\aluminum\windows\examples\Texture\Debug\vc120.pdb'; linking object as if no debug info
     1>FreeImaged.lib(ImfTileOffsets.obj) : warning LNK4099: PDB 'vc120.pdb' was not found with 'FreeImaged.lib(ImfTileOffsets.obj)' or at 'C:\Users\Kyle\Dropbox\EVL\aluminum\windows\examples\Texture\Debug\vc120.pdb'; linking object as if no debug info
     1>FreeImaged.lib(ImfTiledMisc.obj) : warning LNK4099: PDB 'vc120.pdb' was not found with 'FreeImaged.lib(ImfTiledMisc.obj)' or at 'C:\Users\Kyle\Dropbox\EVL\aluminum\windows\examples\Texture\Debug\vc120.pdb'; linking object as if no debug info
     1>FreeImaged.lib(ImfTiledInputFile.obj) : warning LNK4099: PDB 'vc120.pdb' was not found with 'FreeImaged.lib(ImfTiledInputFile.obj)' or at 'C:\Users\Kyle\Dropbox\EVL\aluminum\windows\examples\Texture\Debug\vc120.pdb'; linking object as if no debug info
     1>FreeImaged.lib(ImfTileDescriptionAttribute.obj) : warning LNK4099: PDB 'vc120.pdb' was not found with 'FreeImaged.lib(ImfTileDescriptionAttribute.obj)' or at 'C:\Users\Kyle\Dropbox\EVL\aluminum\windows\examples\Texture\Debug\vc120.pdb'; linking object as if no debug info
     1>FreeImaged.lib(ImfThreading.obj) : warning LNK4099: PDB 'vc120.pdb' was not found with 'FreeImaged.lib(ImfThreading.obj)' or at 'C:\Users\Kyle\Dropbox\EVL\aluminum\windows\examples\Texture\Debug\vc120.pdb'; linking object as if no debug info
     1>FreeImaged.lib(ImfStringVectorAttribute.obj) : warning LNK4099: PDB 'vc120.pdb' was not found with 'FreeImaged.lib(ImfStringVectorAttribute.obj)' or at 'C:\Users\Kyle\Dropbox\EVL\aluminum\windows\examples\Texture\Debug\vc120.pdb'; linking object as if no debug info
     1>FreeImaged.lib(ImfStringAttribute.obj) : warning LNK4099: PDB 'vc120.pdb' was not found with 'FreeImaged.lib(ImfStringAttribute.obj)' or at 'C:\Users\Kyle\Dropbox\EVL\aluminum\windows\examples\Texture\Debug\vc120.pdb'; linking object as if no debug info
     1>FreeImaged.lib(ImfStdIO.obj) : warning LNK4099: PDB 'vc120.pdb' was not found with 'FreeImaged.lib(ImfStdIO.obj)' or at 'C:\Users\Kyle\Dropbox\EVL\aluminum\windows\examples\Texture\Debug\vc120.pdb'; linking object as if no debug info
     1>FreeImaged.lib(ImfStandardAttributes.obj) : warning LNK4099: PDB 'vc120.pdb' was not found with 'FreeImaged.lib(ImfStandardAttributes.obj)' or at 'C:\Users\Kyle\Dropbox\EVL\aluminum\windows\examples\Texture\Debug\vc120.pdb'; linking object as if no debug info
     1>FreeImaged.lib(ImfScanLineInputFile.obj) : warning LNK4099: PDB 'vc120.pdb' was not found with 'FreeImaged.lib(ImfScanLineInputFile.obj)' or at 'C:\Users\Kyle\Dropbox\EVL\aluminum\windows\examples\Texture\Debug\vc120.pdb'; linking object as if no debug info
     1>FreeImaged.lib(ImfRleCompressor.obj) : warning LNK4099: PDB 'vc120.pdb' was not found with 'FreeImaged.lib(ImfRleCompressor.obj)' or at 'C:\Users\Kyle\Dropbox\EVL\aluminum\windows\examples\Texture\Debug\vc120.pdb'; linking object as if no debug info
     1>FreeImaged.lib(ImfRgbaYca.obj) : warning LNK4099: PDB 'vc120.pdb' was not found with 'FreeImaged.lib(ImfRgbaYca.obj)' or at 'C:\Users\Kyle\Dropbox\EVL\aluminum\windows\examples\Texture\Debug\vc120.pdb'; linking object as if no debug info
     1>FreeImaged.lib(ImfRgbaFile.obj) : warning LNK4099: PDB 'vc120.pdb' was not found with 'FreeImaged.lib(ImfRgbaFile.obj)' or at 'C:\Users\Kyle\Dropbox\EVL\aluminum\windows\examples\Texture\Debug\vc120.pdb'; linking object as if no debug info
     1>FreeImaged.lib(ImfRationalAttribute.obj) : warning LNK4099: PDB 'vc120.pdb' was not found with 'FreeImaged.lib(ImfRationalAttribute.obj)' or at 'C:\Users\Kyle\Dropbox\EVL\aluminum\windows\examples\Texture\Debug\vc120.pdb'; linking object as if no debug info
     1>FreeImaged.lib(ImfPxr24Compressor.obj) : warning LNK4099: PDB 'vc120.pdb' was not found with 'FreeImaged.lib(ImfPxr24Compressor.obj)' or at 'C:\Users\Kyle\Dropbox\EVL\aluminum\windows\examples\Texture\Debug\vc120.pdb'; linking object as if no debug info
     1>FreeImaged.lib(ImfPreviewImageAttribute.obj) : warning LNK4099: PDB 'vc120.pdb' was not found with 'FreeImaged.lib(ImfPreviewImageAttribute.obj)' or at 'C:\Users\Kyle\Dropbox\EVL\aluminum\windows\examples\Texture\Debug\vc120.pdb'; linking object as if no debug info
     1>FreeImaged.lib(ImfPreviewImage.obj) : warning LNK4099: PDB 'vc120.pdb' was not found with 'FreeImaged.lib(ImfPreviewImage.obj)' or at 'C:\Users\Kyle\Dropbox\EVL\aluminum\windows\examples\Texture\Debug\vc120.pdb'; linking object as if no debug info
     1>FreeImaged.lib(ImfPizCompressor.obj) : warning LNK4099: PDB 'vc120.pdb' was not found with 'FreeImaged.lib(ImfPizCompressor.obj)' or at 'C:\Users\Kyle\Dropbox\EVL\aluminum\windows\examples\Texture\Debug\vc120.pdb'; linking object as if no debug info
     1>FreeImaged.lib(ImfOutputFile.obj) : warning LNK4099: PDB 'vc120.pdb' was not found with 'FreeImaged.lib(ImfOutputFile.obj)' or at 'C:\Users\Kyle\Dropbox\EVL\aluminum\windows\examples\Texture\Debug\vc120.pdb'; linking object as if no debug info
     1>FreeImaged.lib(ImfOpaqueAttribute.obj) : warning LNK4099: PDB 'vc120.pdb' was not found with 'FreeImaged.lib(ImfOpaqueAttribute.obj)' or at 'C:\Users\Kyle\Dropbox\EVL\aluminum\windows\examples\Texture\Debug\vc120.pdb'; linking object as if no debug info
     1>FreeImaged.lib(ImfMisc.obj) : warning LNK4099: PDB 'vc120.pdb' was not found with 'FreeImaged.lib(ImfMisc.obj)' or at 'C:\Users\Kyle\Dropbox\EVL\aluminum\windows\examples\Texture\Debug\vc120.pdb'; linking object as if no debug info
     1>FreeImaged.lib(ImfMatrixAttribute.obj) : warning LNK4099: PDB 'vc120.pdb' was not found with 'FreeImaged.lib(ImfMatrixAttribute.obj)' or at 'C:\Users\Kyle\Dropbox\EVL\aluminum\windows\examples\Texture\Debug\vc120.pdb'; linking object as if no debug info
     1>FreeImaged.lib(ImfLineOrderAttribute.obj) : warning LNK4099: PDB 'vc120.pdb' was not found with 'FreeImaged.lib(ImfLineOrderAttribute.obj)' or at 'C:\Users\Kyle\Dropbox\EVL\aluminum\windows\examples\Texture\Debug\vc120.pdb'; linking object as if no debug info
     1>FreeImaged.lib(ImfKeyCodeAttribute.obj) : warning LNK4099: PDB 'vc120.pdb' was not found with 'FreeImaged.lib(ImfKeyCodeAttribute.obj)' or at 'C:\Users\Kyle\Dropbox\EVL\aluminum\windows\examples\Texture\Debug\vc120.pdb'; linking object as if no debug info
     1>FreeImaged.lib(ImfKeyCode.obj) : warning LNK4099: PDB 'vc120.pdb' was not found with 'FreeImaged.lib(ImfKeyCode.obj)' or at 'C:\Users\Kyle\Dropbox\EVL\aluminum\windows\examples\Texture\Debug\vc120.pdb'; linking object as if no debug info
     1>FreeImaged.lib(ImfIO.obj) : warning LNK4099: PDB 'vc120.pdb' was not found with 'FreeImaged.lib(ImfIO.obj)' or at 'C:\Users\Kyle\Dropbox\EVL\aluminum\windows\examples\Texture\Debug\vc120.pdb'; linking object as if no debug info
     1>FreeImaged.lib(ImfIntAttribute.obj) : warning LNK4099: PDB 'vc120.pdb' was not found with 'FreeImaged.lib(ImfIntAttribute.obj)' or at 'C:\Users\Kyle\Dropbox\EVL\aluminum\windows\examples\Texture\Debug\vc120.pdb'; linking object as if no debug info
     1>FreeImaged.lib(ImfInputFile.obj) : warning LNK4099: PDB 'vc120.pdb' was not found with 'FreeImaged.lib(ImfInputFile.obj)' or at 'C:\Users\Kyle\Dropbox\EVL\aluminum\windows\examples\Texture\Debug\vc120.pdb'; linking object as if no debug info
     1>FreeImaged.lib(ImfHuf.obj) : warning LNK4099: PDB 'vc120.pdb' was not found with 'FreeImaged.lib(ImfHuf.obj)' or at 'C:\Users\Kyle\Dropbox\EVL\aluminum\windows\examples\Texture\Debug\vc120.pdb'; linking object as if no debug info
     1>FreeImaged.lib(ImfHeader.obj) : warning LNK4099: PDB 'vc120.pdb' was not found with 'FreeImaged.lib(ImfHeader.obj)' or at 'C:\Users\Kyle\Dropbox\EVL\aluminum\windows\examples\Texture\Debug\vc120.pdb'; linking object as if no debug info
     1>FreeImaged.lib(ImfFrameBuffer.obj) : warning LNK4099: PDB 'vc120.pdb' was not found with 'FreeImaged.lib(ImfFrameBuffer.obj)' or at 'C:\Users\Kyle\Dropbox\EVL\aluminum\windows\examples\Texture\Debug\vc120.pdb'; linking object as if no debug info
     1>FreeImaged.lib(ImfFloatAttribute.obj) : warning LNK4099: PDB 'vc120.pdb' was not found with 'FreeImaged.lib(ImfFloatAttribute.obj)' or at 'C:\Users\Kyle\Dropbox\EVL\aluminum\windows\examples\Texture\Debug\vc120.pdb'; linking object as if no debug info
     1>FreeImaged.lib(ImfEnvmapAttribute.obj) : warning LNK4099: PDB 'vc120.pdb' was not found with 'FreeImaged.lib(ImfEnvmapAttribute.obj)' or at 'C:\Users\Kyle\Dropbox\EVL\aluminum\windows\examples\Texture\Debug\vc120.pdb'; linking object as if no debug info
     1>FreeImaged.lib(ImfDoubleAttribute.obj) : warning LNK4099: PDB 'vc120.pdb' was not found with 'FreeImaged.lib(ImfDoubleAttribute.obj)' or at 'C:\Users\Kyle\Dropbox\EVL\aluminum\windows\examples\Texture\Debug\vc120.pdb'; linking object as if no debug info
     1>FreeImaged.lib(ImfConvert.obj) : warning LNK4099: PDB 'vc120.pdb' was not found with 'FreeImaged.lib(ImfConvert.obj)' or at 'C:\Users\Kyle\Dropbox\EVL\aluminum\windows\examples\Texture\Debug\vc120.pdb'; linking object as if no debug info
     1>FreeImaged.lib(ImfCompressor.obj) : warning LNK4099: PDB 'vc120.pdb' was not found with 'FreeImaged.lib(ImfCompressor.obj)' or at 'C:\Users\Kyle\Dropbox\EVL\aluminum\windows\examples\Texture\Debug\vc120.pdb'; linking object as if no debug info
     1>FreeImaged.lib(ImfCompressionAttribute.obj) : warning LNK4099: PDB 'vc120.pdb' was not found with 'FreeImaged.lib(ImfCompressionAttribute.obj)' or at 'C:\Users\Kyle\Dropbox\EVL\aluminum\windows\examples\Texture\Debug\vc120.pdb'; linking object as if no debug info
     1>FreeImaged.lib(ImfChromaticitiesAttribute.obj) : warning LNK4099: PDB 'vc120.pdb' was not found with 'FreeImaged.lib(ImfChromaticitiesAttribute.obj)' or at 'C:\Users\Kyle\Dropbox\EVL\aluminum\windows\examples\Texture\Debug\vc120.pdb'; linking object as if no debug info
     1>FreeImaged.lib(ImfChromaticities.obj) : warning LNK4099: PDB 'vc120.pdb' was not found with 'FreeImaged.lib(ImfChromaticities.obj)' or at 'C:\Users\Kyle\Dropbox\EVL\aluminum\windows\examples\Texture\Debug\vc120.pdb'; linking object as if no debug info
     1>FreeImaged.lib(ImfChannelListAttribute.obj) : warning LNK4099: PDB 'vc120.pdb' was not found with 'FreeImaged.lib(ImfChannelListAttribute.obj)' or at 'C:\Users\Kyle\Dropbox\EVL\aluminum\windows\examples\Texture\Debug\vc120.pdb'; linking object as if no debug info
     1>FreeImaged.lib(ImfChannelList.obj) : warning LNK4099: PDB 'vc120.pdb' was not found with 'FreeImaged.lib(ImfChannelList.obj)' or at 'C:\Users\Kyle\Dropbox\EVL\aluminum\windows\examples\Texture\Debug\vc120.pdb'; linking object as if no debug info
     1>FreeImaged.lib(ImfBoxAttribute.obj) : warning LNK4099: PDB 'vc120.pdb' was not found with 'FreeImaged.lib(ImfBoxAttribute.obj)' or at 'C:\Users\Kyle\Dropbox\EVL\aluminum\windows\examples\Texture\Debug\vc120.pdb'; linking object as if no debug info
     1>FreeImaged.lib(ImfB44Compressor.obj) : warning LNK4099: PDB 'vc120.pdb' was not found with 'FreeImaged.lib(ImfB44Compressor.obj)' or at 'C:\Users\Kyle\Dropbox\EVL\aluminum\windows\examples\Texture\Debug\vc120.pdb'; linking object as if no debug info
     1>FreeImaged.lib(ImfAttribute.obj) : warning LNK4099: PDB 'vc120.pdb' was not found with 'FreeImaged.lib(ImfAttribute.obj)' or at 'C:\Users\Kyle\Dropbox\EVL\aluminum\windows\examples\Texture\Debug\vc120.pdb'; linking object as if no debug info
     1>FreeImaged.lib(muxread.obj) : warning LNK4099: PDB 'vc120.pdb' was not found with 'FreeImaged.lib(muxread.obj)' or at 'C:\Users\Kyle\Dropbox\EVL\aluminum\windows\examples\Texture\Debug\vc120.pdb'; linking object as if no debug info
     1>FreeImaged.lib(muxinternal.obj) : warning LNK4099: PDB 'vc120.pdb' was not found with 'FreeImaged.lib(muxinternal.obj)' or at 'C:\Users\Kyle\Dropbox\EVL\aluminum\windows\examples\Texture\Debug\vc120.pdb'; linking object as if no debug info
     1>FreeImaged.lib(muxedit.obj) : warning LNK4099: PDB 'vc120.pdb' was not found with 'FreeImaged.lib(muxedit.obj)' or at 'C:\Users\Kyle\Dropbox\EVL\aluminum\windows\examples\Texture\Debug\vc120.pdb'; linking object as if no debug info
     1>FreeImaged.lib(utils.obj) : warning LNK4099: PDB 'vc120.pdb' was not found with 'FreeImaged.lib(utils.obj)' or at 'C:\Users\Kyle\Dropbox\EVL\aluminum\windows\examples\Texture\Debug\vc120.pdb'; linking object as if no debug info
     1>FreeImaged.lib(thread.obj) : warning LNK4099: PDB 'vc120.pdb' was not found with 'FreeImaged.lib(thread.obj)' or at 'C:\Users\Kyle\Dropbox\EVL\aluminum\windows\examples\Texture\Debug\vc120.pdb'; linking object as if no debug info
     1>FreeImaged.lib(rescaler.obj) : warning LNK4099: PDB 'vc120.pdb' was not found with 'FreeImaged.lib(rescaler.obj)' or at 'C:\Users\Kyle\Dropbox\EVL\aluminum\windows\examples\Texture\Debug\vc120.pdb'; linking object as if no debug info
     1>FreeImaged.lib(random.obj) : warning LNK4099: PDB 'vc120.pdb' was not found with 'FreeImaged.lib(random.obj)' or at 'C:\Users\Kyle\Dropbox\EVL\aluminum\windows\examples\Texture\Debug\vc120.pdb'; linking object as if no debug info
     1>FreeImaged.lib(quant_levels_dec.obj) : warning LNK4099: PDB 'vc120.pdb' was not found with 'FreeImaged.lib(quant_levels_dec.obj)' or at 'C:\Users\Kyle\Dropbox\EVL\aluminum\windows\examples\Texture\Debug\vc120.pdb'; linking object as if no debug info
     1>FreeImaged.lib(quant_levels.obj) : warning LNK4099: PDB 'vc120.pdb' was not found with 'FreeImaged.lib(quant_levels.obj)' or at 'C:\Users\Kyle\Dropbox\EVL\aluminum\windows\examples\Texture\Debug\vc120.pdb'; linking object as if no debug info
     1>FreeImaged.lib(huffman_encode.obj) : warning LNK4099: PDB 'vc120.pdb' was not found with 'FreeImaged.lib(huffman_encode.obj)' or at 'C:\Users\Kyle\Dropbox\EVL\aluminum\windows\examples\Texture\Debug\vc120.pdb'; linking object as if no debug info
     1>FreeImaged.lib(huffman.obj) : warning LNK4099: PDB 'vc120.pdb' was not found with 'FreeImaged.lib(huffman.obj)' or at 'C:\Users\Kyle\Dropbox\EVL\aluminum\windows\examples\Texture\Debug\vc120.pdb'; linking object as if no debug info
     1>FreeImaged.lib(filters.obj) : warning LNK4099: PDB 'vc120.pdb' was not found with 'FreeImaged.lib(filters.obj)' or at 'C:\Users\Kyle\Dropbox\EVL\aluminum\windows\examples\Texture\Debug\vc120.pdb'; linking object as if no debug info
     1>FreeImaged.lib(color_cache.obj) : warning LNK4099: PDB 'vc120.pdb' was not found with 'FreeImaged.lib(color_cache.obj)' or at 'C:\Users\Kyle\Dropbox\EVL\aluminum\windows\examples\Texture\Debug\vc120.pdb'; linking object as if no debug info
     1>FreeImaged.lib(bit_writer.obj) : warning LNK4099: PDB 'vc120.pdb' was not found with 'FreeImaged.lib(bit_writer.obj)' or at 'C:\Users\Kyle\Dropbox\EVL\aluminum\windows\examples\Texture\Debug\vc120.pdb'; linking object as if no debug info
     1>FreeImaged.lib(bit_reader.obj) : warning LNK4099: PDB 'vc120.pdb' was not found with 'FreeImaged.lib(bit_reader.obj)' or at 'C:\Users\Kyle\Dropbox\EVL\aluminum\windows\examples\Texture\Debug\vc120.pdb'; linking object as if no debug info
     1>FreeImaged.lib(alpha_processing.obj) : warning LNK4099: PDB 'vc120.pdb' was not found with 'FreeImaged.lib(alpha_processing.obj)' or at 'C:\Users\Kyle\Dropbox\EVL\aluminum\windows\examples\Texture\Debug\vc120.pdb'; linking object as if no debug info
     1>FreeImaged.lib(token.obj) : warning LNK4099: PDB 'vc120.pdb' was not found with 'FreeImaged.lib(token.obj)' or at 'C:\Users\Kyle\Dropbox\EVL\aluminum\windows\examples\Texture\Debug\vc120.pdb'; linking object as if no debug info
     1>FreeImaged.lib(enc_webpenc.obj) : warning LNK4099: PDB 'vc120.pdb' was not found with 'FreeImaged.lib(enc_webpenc.obj)' or at 'C:\Users\Kyle\Dropbox\EVL\aluminum\windows\examples\Texture\Debug\vc120.pdb'; linking object as if no debug info
     1>FreeImaged.lib(enc_vp8l.obj) : warning LNK4099: PDB 'vc120.pdb' was not found with 'FreeImaged.lib(enc_vp8l.obj)' or at 'C:\Users\Kyle\Dropbox\EVL\aluminum\windows\examples\Texture\Debug\vc120.pdb'; linking object as if no debug info
     1>FreeImaged.lib(enc_tree.obj) : warning LNK4099: PDB 'vc120.pdb' was not found with 'FreeImaged.lib(enc_tree.obj)' or at 'C:\Users\Kyle\Dropbox\EVL\aluminum\windows\examples\Texture\Debug\vc120.pdb'; linking object as if no debug info
     1>FreeImaged.lib(enc_syntax.obj) : warning LNK4099: PDB 'vc120.pdb' was not found with 'FreeImaged.lib(enc_syntax.obj)' or at 'C:\Users\Kyle\Dropbox\EVL\aluminum\windows\examples\Texture\Debug\vc120.pdb'; linking object as if no debug info
     1>FreeImaged.lib(enc_quant.obj) : warning LNK4099: PDB 'vc120.pdb' was not found with 'FreeImaged.lib(enc_quant.obj)' or at 'C:\Users\Kyle\Dropbox\EVL\aluminum\windows\examples\Texture\Debug\vc120.pdb'; linking object as if no debug info
     1>FreeImaged.lib(enc_picture.obj) : warning LNK4099: PDB 'vc120.pdb' was not found with 'FreeImaged.lib(enc_picture.obj)' or at 'C:\Users\Kyle\Dropbox\EVL\aluminum\windows\examples\Texture\Debug\vc120.pdb'; linking object as if no debug info
     1>FreeImaged.lib(enc_iterator.obj) : warning LNK4099: PDB 'vc120.pdb' was not found with 'FreeImaged.lib(enc_iterator.obj)' or at 'C:\Users\Kyle\Dropbox\EVL\aluminum\windows\examples\Texture\Debug\vc120.pdb'; linking object as if no debug info
     1>FreeImaged.lib(enc_histogram.obj) : warning LNK4099: PDB 'vc120.pdb' was not found with 'FreeImaged.lib(enc_histogram.obj)' or at 'C:\Users\Kyle\Dropbox\EVL\aluminum\windows\examples\Texture\Debug\vc120.pdb'; linking object as if no debug info
     1>FreeImaged.lib(enc_frame.obj) : warning LNK4099: PDB 'vc120.pdb' was not found with 'FreeImaged.lib(enc_frame.obj)' or at 'C:\Users\Kyle\Dropbox\EVL\aluminum\windows\examples\Texture\Debug\vc120.pdb'; linking object as if no debug info
     1>FreeImaged.lib(enc_filter.obj) : warning LNK4099: PDB 'vc120.pdb' was not found with 'FreeImaged.lib(enc_filter.obj)' or at 'C:\Users\Kyle\Dropbox\EVL\aluminum\windows\examples\Texture\Debug\vc120.pdb'; linking object as if no debug info
     1>FreeImaged.lib(enc_cost.obj) : warning LNK4099: PDB 'vc120.pdb' was not found with 'FreeImaged.lib(enc_cost.obj)' or at 'C:\Users\Kyle\Dropbox\EVL\aluminum\windows\examples\Texture\Debug\vc120.pdb'; linking object as if no debug info
     1>FreeImaged.lib(enc_config.obj) : warning LNK4099: PDB 'vc120.pdb' was not found with 'FreeImaged.lib(enc_config.obj)' or at 'C:\Users\Kyle\Dropbox\EVL\aluminum\windows\examples\Texture\Debug\vc120.pdb'; linking object as if no debug info
     1>FreeImaged.lib(enc_backward_references.obj) : warning LNK4099: PDB 'vc120.pdb' was not found with 'FreeImaged.lib(enc_backward_references.obj)' or at 'C:\Users\Kyle\Dropbox\EVL\aluminum\windows\examples\Texture\Debug\vc120.pdb'; linking object as if no debug info
     1>FreeImaged.lib(enc_analysis.obj) : warning LNK4099: PDB 'vc120.pdb' was not found with 'FreeImaged.lib(enc_analysis.obj)' or at 'C:\Users\Kyle\Dropbox\EVL\aluminum\windows\examples\Texture\Debug\vc120.pdb'; linking object as if no debug info
     1>FreeImaged.lib(enc_alpha.obj) : warning LNK4099: PDB 'vc120.pdb' was not found with 'FreeImaged.lib(enc_alpha.obj)' or at 'C:\Users\Kyle\Dropbox\EVL\aluminum\windows\examples\Texture\Debug\vc120.pdb'; linking object as if no debug info
     1>FreeImaged.lib(yuv.obj) : warning LNK4099: PDB 'vc120.pdb' was not found with 'FreeImaged.lib(yuv.obj)' or at 'C:\Users\Kyle\Dropbox\EVL\aluminum\windows\examples\Texture\Debug\vc120.pdb'; linking object as if no debug info
     1>FreeImaged.lib(upsampling_sse2.obj) : warning LNK4099: PDB 'vc120.pdb' was not found with 'FreeImaged.lib(upsampling_sse2.obj)' or at 'C:\Users\Kyle\Dropbox\EVL\aluminum\windows\examples\Texture\Debug\vc120.pdb'; linking object as if no debug info
     1>FreeImaged.lib(upsampling.obj) : warning LNK4099: PDB 'vc120.pdb' was not found with 'FreeImaged.lib(upsampling.obj)' or at 'C:\Users\Kyle\Dropbox\EVL\aluminum\windows\examples\Texture\Debug\vc120.pdb'; linking object as if no debug info
     1>FreeImaged.lib(lossless.obj) : warning LNK4099: PDB 'vc120.pdb' was not found with 'FreeImaged.lib(lossless.obj)' or at 'C:\Users\Kyle\Dropbox\EVL\aluminum\windows\examples\Texture\Debug\vc120.pdb'; linking object as if no debug info
     1>FreeImaged.lib(enc_sse2.obj) : warning LNK4099: PDB 'vc120.pdb' was not found with 'FreeImaged.lib(enc_sse2.obj)' or at 'C:\Users\Kyle\Dropbox\EVL\aluminum\windows\examples\Texture\Debug\vc120.pdb'; linking object as if no debug info
     1>FreeImaged.lib(enc.obj) : warning LNK4099: PDB 'vc120.pdb' was not found with 'FreeImaged.lib(enc.obj)' or at 'C:\Users\Kyle\Dropbox\EVL\aluminum\windows\examples\Texture\Debug\vc120.pdb'; linking object as if no debug info
     1>FreeImaged.lib(dec_sse2.obj) : warning LNK4099: PDB 'vc120.pdb' was not found with 'FreeImaged.lib(dec_sse2.obj)' or at 'C:\Users\Kyle\Dropbox\EVL\aluminum\windows\examples\Texture\Debug\vc120.pdb'; linking object as if no debug info
     1>FreeImaged.lib(dec_clip_tables.obj) : warning LNK4099: PDB 'vc120.pdb' was not found with 'FreeImaged.lib(dec_clip_tables.obj)' or at 'C:\Users\Kyle\Dropbox\EVL\aluminum\windows\examples\Texture\Debug\vc120.pdb'; linking object as if no debug info
     1>FreeImaged.lib(dec.obj) : warning LNK4099: PDB 'vc120.pdb' was not found with 'FreeImaged.lib(dec.obj)' or at 'C:\Users\Kyle\Dropbox\EVL\aluminum\windows\examples\Texture\Debug\vc120.pdb'; linking object as if no debug info
     1>FreeImaged.lib(cpu.obj) : warning LNK4099: PDB 'vc120.pdb' was not found with 'FreeImaged.lib(cpu.obj)' or at 'C:\Users\Kyle\Dropbox\EVL\aluminum\windows\examples\Texture\Debug\vc120.pdb'; linking object as if no debug info
     1>FreeImaged.lib(dec_webp.obj) : warning LNK4099: PDB 'vc120.pdb' was not found with 'FreeImaged.lib(dec_webp.obj)' or at 'C:\Users\Kyle\Dropbox\EVL\aluminum\windows\examples\Texture\Debug\vc120.pdb'; linking object as if no debug info
     1>FreeImaged.lib(dec_vp8l.obj) : warning LNK4099: PDB 'vc120.pdb' was not found with 'FreeImaged.lib(dec_vp8l.obj)' or at 'C:\Users\Kyle\Dropbox\EVL\aluminum\windows\examples\Texture\Debug\vc120.pdb'; linking object as if no debug info
     1>FreeImaged.lib(dec_vp8.obj) : warning LNK4099: PDB 'vc120.pdb' was not found with 'FreeImaged.lib(dec_vp8.obj)' or at 'C:\Users\Kyle\Dropbox\EVL\aluminum\windows\examples\Texture\Debug\vc120.pdb'; linking object as if no debug info
     1>FreeImaged.lib(dec_tree.obj) : warning LNK4099: PDB 'vc120.pdb' was not found with 'FreeImaged.lib(dec_tree.obj)' or at 'C:\Users\Kyle\Dropbox\EVL\aluminum\windows\examples\Texture\Debug\vc120.pdb'; linking object as if no debug info
     1>FreeImaged.lib(dec_quant.obj) : warning LNK4099: PDB 'vc120.pdb' was not found with 'FreeImaged.lib(dec_quant.obj)' or at 'C:\Users\Kyle\Dropbox\EVL\aluminum\windows\examples\Texture\Debug\vc120.pdb'; linking object as if no debug info
     1>FreeImaged.lib(dec_io.obj) : warning LNK4099: PDB 'vc120.pdb' was not found with 'FreeImaged.lib(dec_io.obj)' or at 'C:\Users\Kyle\Dropbox\EVL\aluminum\windows\examples\Texture\Debug\vc120.pdb'; linking object as if no debug info
     1>FreeImaged.lib(dec_frame.obj) : warning LNK4099: PDB 'vc120.pdb' was not found with 'FreeImaged.lib(dec_frame.obj)' or at 'C:\Users\Kyle\Dropbox\EVL\aluminum\windows\examples\Texture\Debug\vc120.pdb'; linking object as if no debug info
     1>FreeImaged.lib(dec_buffer.obj) : warning LNK4099: PDB 'vc120.pdb' was not found with 'FreeImaged.lib(dec_buffer.obj)' or at 'C:\Users\Kyle\Dropbox\EVL\aluminum\windows\examples\Texture\Debug\vc120.pdb'; linking object as if no debug info
     1>FreeImaged.lib(dec_alpha.obj) : warning LNK4099: PDB 'vc120.pdb' was not found with 'FreeImaged.lib(dec_alpha.obj)' or at 'C:\Users\Kyle\Dropbox\EVL\aluminum\windows\examples\Texture\Debug\vc120.pdb'; linking object as if no debug info
     1>FreeImaged.lib(tif_zip.obj) : warning LNK4099: PDB 'vc120.pdb' was not found with 'FreeImaged.lib(tif_zip.obj)' or at 'C:\Users\Kyle\Dropbox\EVL\aluminum\windows\examples\Texture\Debug\vc120.pdb'; linking object as if no debug info
     1>FreeImaged.lib(tif_write.obj) : warning LNK4099: PDB 'vc120.pdb' was not found with 'FreeImaged.lib(tif_write.obj)' or at 'C:\Users\Kyle\Dropbox\EVL\aluminum\windows\examples\Texture\Debug\vc120.pdb'; linking object as if no debug info
     1>FreeImaged.lib(tif_warning.obj) : warning LNK4099: PDB 'vc120.pdb' was not found with 'FreeImaged.lib(tif_warning.obj)' or at 'C:\Users\Kyle\Dropbox\EVL\aluminum\windows\examples\Texture\Debug\vc120.pdb'; linking object as if no debug info
     1>FreeImaged.lib(tif_tile.obj) : warning LNK4099: PDB 'vc120.pdb' was not found with 'FreeImaged.lib(tif_tile.obj)' or at 'C:\Users\Kyle\Dropbox\EVL\aluminum\windows\examples\Texture\Debug\vc120.pdb'; linking object as if no debug info
     1>FreeImaged.lib(tif_thunder.obj) : warning LNK4099: PDB 'vc120.pdb' was not found with 'FreeImaged.lib(tif_thunder.obj)' or at 'C:\Users\Kyle\Dropbox\EVL\aluminum\windows\examples\Texture\Debug\vc120.pdb'; linking object as if no debug info
     1>FreeImaged.lib(tif_swab.obj) : warning LNK4099: PDB 'vc120.pdb' was not found with 'FreeImaged.lib(tif_swab.obj)' or at 'C:\Users\Kyle\Dropbox\EVL\aluminum\windows\examples\Texture\Debug\vc120.pdb'; linking object as if no debug info
     1>FreeImaged.lib(tif_strip.obj) : warning LNK4099: PDB 'vc120.pdb' was not found with 'FreeImaged.lib(tif_strip.obj)' or at 'C:\Users\Kyle\Dropbox\EVL\aluminum\windows\examples\Texture\Debug\vc120.pdb'; linking object as if no debug info
     1>FreeImaged.lib(tif_read.obj) : warning LNK4099: PDB 'vc120.pdb' was not found with 'FreeImaged.lib(tif_read.obj)' or at 'C:\Users\Kyle\Dropbox\EVL\aluminum\windows\examples\Texture\Debug\vc120.pdb'; linking object as if no debug info
     1>FreeImaged.lib(tif_predict.obj) : warning LNK4099: PDB 'vc120.pdb' was not found with 'FreeImaged.lib(tif_predict.obj)' or at 'C:\Users\Kyle\Dropbox\EVL\aluminum\windows\examples\Texture\Debug\vc120.pdb'; linking object as if no debug info
     1>FreeImaged.lib(tif_pixarlog.obj) : warning LNK4099: PDB 'vc120.pdb' was not found with 'FreeImaged.lib(tif_pixarlog.obj)' or at 'C:\Users\Kyle\Dropbox\EVL\aluminum\windows\examples\Texture\Debug\vc120.pdb'; linking object as if no debug info
     1>FreeImaged.lib(tif_packbits.obj) : warning LNK4099: PDB 'vc120.pdb' was not found with 'FreeImaged.lib(tif_packbits.obj)' or at 'C:\Users\Kyle\Dropbox\EVL\aluminum\windows\examples\Texture\Debug\vc120.pdb'; linking object as if no debug info
     1>FreeImaged.lib(tif_open.obj) : warning LNK4099: PDB 'vc120.pdb' was not found with 'FreeImaged.lib(tif_open.obj)' or at 'C:\Users\Kyle\Dropbox\EVL\aluminum\windows\examples\Texture\Debug\vc120.pdb'; linking object as if no debug info
     1>FreeImaged.lib(tif_ojpeg.obj) : warning LNK4099: PDB 'vc120.pdb' was not found with 'FreeImaged.lib(tif_ojpeg.obj)' or at 'C:\Users\Kyle\Dropbox\EVL\aluminum\windows\examples\Texture\Debug\vc120.pdb'; linking object as if no debug info
     1>FreeImaged.lib(tif_next.obj) : warning LNK4099: PDB 'vc120.pdb' was not found with 'FreeImaged.lib(tif_next.obj)' or at 'C:\Users\Kyle\Dropbox\EVL\aluminum\windows\examples\Texture\Debug\vc120.pdb'; linking object as if no debug info
     1>FreeImaged.lib(tif_lzw.obj) : warning LNK4099: PDB 'vc120.pdb' was not found with 'FreeImaged.lib(tif_lzw.obj)' or at 'C:\Users\Kyle\Dropbox\EVL\aluminum\windows\examples\Texture\Debug\vc120.pdb'; linking object as if no debug info
     1>FreeImaged.lib(tif_luv.obj) : warning LNK4099: PDB 'vc120.pdb' was not found with 'FreeImaged.lib(tif_luv.obj)' or at 'C:\Users\Kyle\Dropbox\EVL\aluminum\windows\examples\Texture\Debug\vc120.pdb'; linking object as if no debug info
     1>FreeImaged.lib(tif_jpeg.obj) : warning LNK4099: PDB 'vc120.pdb' was not found with 'FreeImaged.lib(tif_jpeg.obj)' or at 'C:\Users\Kyle\Dropbox\EVL\aluminum\windows\examples\Texture\Debug\vc120.pdb'; linking object as if no debug info
     1>FreeImaged.lib(tif_getimage.obj) : warning LNK4099: PDB 'vc120.pdb' was not found with 'FreeImaged.lib(tif_getimage.obj)' or at 'C:\Users\Kyle\Dropbox\EVL\aluminum\windows\examples\Texture\Debug\vc120.pdb'; linking object as if no debug info
     1>FreeImaged.lib(tif_flush.obj) : warning LNK4099: PDB 'vc120.pdb' was not found with 'FreeImaged.lib(tif_flush.obj)' or at 'C:\Users\Kyle\Dropbox\EVL\aluminum\windows\examples\Texture\Debug\vc120.pdb'; linking object as if no debug info
     1>FreeImaged.lib(tif_fax3sm.obj) : warning LNK4099: PDB 'vc120.pdb' was not found with 'FreeImaged.lib(tif_fax3sm.obj)' or at 'C:\Users\Kyle\Dropbox\EVL\aluminum\windows\examples\Texture\Debug\vc120.pdb'; linking object as if no debug info
     1>FreeImaged.lib(tif_fax3.obj) : warning LNK4099: PDB 'vc120.pdb' was not found with 'FreeImaged.lib(tif_fax3.obj)' or at 'C:\Users\Kyle\Dropbox\EVL\aluminum\windows\examples\Texture\Debug\vc120.pdb'; linking object as if no debug info
     1>FreeImaged.lib(tif_extension.obj) : warning LNK4099: PDB 'vc120.pdb' was not found with 'FreeImaged.lib(tif_extension.obj)' or at 'C:\Users\Kyle\Dropbox\EVL\aluminum\windows\examples\Texture\Debug\vc120.pdb'; linking object as if no debug info
     1>FreeImaged.lib(tif_error.obj) : warning LNK4099: PDB 'vc120.pdb' was not found with 'FreeImaged.lib(tif_error.obj)' or at 'C:\Users\Kyle\Dropbox\EVL\aluminum\windows\examples\Texture\Debug\vc120.pdb'; linking object as if no debug info
     1>FreeImaged.lib(tif_dumpmode.obj) : warning LNK4099: PDB 'vc120.pdb' was not found with 'FreeImaged.lib(tif_dumpmode.obj)' or at 'C:\Users\Kyle\Dropbox\EVL\aluminum\windows\examples\Texture\Debug\vc120.pdb'; linking object as if no debug info
     1>FreeImaged.lib(tif_dirwrite.obj) : warning LNK4099: PDB 'vc120.pdb' was not found with 'FreeImaged.lib(tif_dirwrite.obj)' or at 'C:\Users\Kyle\Dropbox\EVL\aluminum\windows\examples\Texture\Debug\vc120.pdb'; linking object as if no debug info
     1>FreeImaged.lib(tif_dirread.obj) : warning LNK4099: PDB 'vc120.pdb' was not found with 'FreeImaged.lib(tif_dirread.obj)' or at 'C:\Users\Kyle\Dropbox\EVL\aluminum\windows\examples\Texture\Debug\vc120.pdb'; linking object as if no debug info
     1>FreeImaged.lib(tif_dirinfo.obj) : warning LNK4099: PDB 'vc120.pdb' was not found with 'FreeImaged.lib(tif_dirinfo.obj)' or at 'C:\Users\Kyle\Dropbox\EVL\aluminum\windows\examples\Texture\Debug\vc120.pdb'; linking object as if no debug info
     1>FreeImaged.lib(tif_dir.obj) : warning LNK4099: PDB 'vc120.pdb' was not found with 'FreeImaged.lib(tif_dir.obj)' or at 'C:\Users\Kyle\Dropbox\EVL\aluminum\windows\examples\Texture\Debug\vc120.pdb'; linking object as if no debug info
     1>FreeImaged.lib(tif_compress.obj) : warning LNK4099: PDB 'vc120.pdb' was not found with 'FreeImaged.lib(tif_compress.obj)' or at 'C:\Users\Kyle\Dropbox\EVL\aluminum\windows\examples\Texture\Debug\vc120.pdb'; linking object as if no debug info
     1>FreeImaged.lib(tif_color.obj) : warning LNK4099: PDB 'vc120.pdb' was not found with 'FreeImaged.lib(tif_color.obj)' or at 'C:\Users\Kyle\Dropbox\EVL\aluminum\windows\examples\Texture\Debug\vc120.pdb'; linking object as if no debug info
     1>FreeImaged.lib(tif_codec.obj) : warning LNK4099: PDB 'vc120.pdb' was not found with 'FreeImaged.lib(tif_codec.obj)' or at 'C:\Users\Kyle\Dropbox\EVL\aluminum\windows\examples\Texture\Debug\vc120.pdb'; linking object as if no debug info
     1>FreeImaged.lib(tif_close.obj) : warning LNK4099: PDB 'vc120.pdb' was not found with 'FreeImaged.lib(tif_close.obj)' or at 'C:\Users\Kyle\Dropbox\EVL\aluminum\windows\examples\Texture\Debug\vc120.pdb'; linking object as if no debug info
     1>FreeImaged.lib(tif_aux.obj) : warning LNK4099: PDB 'vc120.pdb' was not found with 'FreeImaged.lib(tif_aux.obj)' or at 'C:\Users\Kyle\Dropbox\EVL\aluminum\windows\examples\Texture\Debug\vc120.pdb'; linking object as if no debug info
     1>FreeImaged.lib(libraw_datastream.obj) : warning LNK4099: PDB 'vc120.pdb' was not found with 'FreeImaged.lib(libraw_datastream.obj)' or at 'C:\Users\Kyle\Dropbox\EVL\aluminum\windows\examples\Texture\Debug\vc120.pdb'; linking object as if no debug info
     1>FreeImaged.lib(libraw_cxx.obj) : warning LNK4099: PDB 'vc120.pdb' was not found with 'FreeImaged.lib(libraw_cxx.obj)' or at 'C:\Users\Kyle\Dropbox\EVL\aluminum\windows\examples\Texture\Debug\vc120.pdb'; linking object as if no debug info
     1>FreeImaged.lib(demosaic_packs.obj) : warning LNK4099: PDB 'vc120.pdb' was not found with 'FreeImaged.lib(demosaic_packs.obj)' or at 'C:\Users\Kyle\Dropbox\EVL\aluminum\windows\examples\Texture\Debug\vc120.pdb'; linking object as if no debug info
     1>FreeImaged.lib(dcraw_fileio.obj) : warning LNK4099: PDB 'vc120.pdb' was not found with 'FreeImaged.lib(dcraw_fileio.obj)' or at 'C:\Users\Kyle\Dropbox\EVL\aluminum\windows\examples\Texture\Debug\vc120.pdb'; linking object as if no debug info
     1>FreeImaged.lib(dcraw_common.obj) : warning LNK4099: PDB 'vc120.pdb' was not found with 'FreeImaged.lib(dcraw_common.obj)' or at 'C:\Users\Kyle\Dropbox\EVL\aluminum\windows\examples\Texture\Debug\vc120.pdb'; linking object as if no debug info
     1>FreeImaged.lib(pngwutil.obj) : warning LNK4099: PDB 'vc120.pdb' was not found with 'FreeImaged.lib(pngwutil.obj)' or at 'C:\Users\Kyle\Dropbox\EVL\aluminum\windows\examples\Texture\Debug\vc120.pdb'; linking object as if no debug info
     1>FreeImaged.lib(pngwtran.obj) : warning LNK4099: PDB 'vc120.pdb' was not found with 'FreeImaged.lib(pngwtran.obj)' or at 'C:\Users\Kyle\Dropbox\EVL\aluminum\windows\examples\Texture\Debug\vc120.pdb'; linking object as if no debug info
     1>FreeImaged.lib(pngwrite.obj) : warning LNK4099: PDB 'vc120.pdb' was not found with 'FreeImaged.lib(pngwrite.obj)' or at 'C:\Users\Kyle\Dropbox\EVL\aluminum\windows\examples\Texture\Debug\vc120.pdb'; linking object as if no debug info
     1>FreeImaged.lib(pngwio.obj) : warning LNK4099: PDB 'vc120.pdb' was not found with 'FreeImaged.lib(pngwio.obj)' or at 'C:\Users\Kyle\Dropbox\EVL\aluminum\windows\examples\Texture\Debug\vc120.pdb'; linking object as if no debug info
     1>FreeImaged.lib(pngtrans.obj) : warning LNK4099: PDB 'vc120.pdb' was not found with 'FreeImaged.lib(pngtrans.obj)' or at 'C:\Users\Kyle\Dropbox\EVL\aluminum\windows\examples\Texture\Debug\vc120.pdb'; linking object as if no debug info
     1>FreeImaged.lib(pngset.obj) : warning LNK4099: PDB 'vc120.pdb' was not found with 'FreeImaged.lib(pngset.obj)' or at 'C:\Users\Kyle\Dropbox\EVL\aluminum\windows\examples\Texture\Debug\vc120.pdb'; linking object as if no debug info
     1>FreeImaged.lib(pngrutil.obj) : warning LNK4099: PDB 'vc120.pdb' was not found with 'FreeImaged.lib(pngrutil.obj)' or at 'C:\Users\Kyle\Dropbox\EVL\aluminum\windows\examples\Texture\Debug\vc120.pdb'; linking object as if no debug info
     1>FreeImaged.lib(pngrtran.obj) : warning LNK4099: PDB 'vc120.pdb' was not found with 'FreeImaged.lib(pngrtran.obj)' or at 'C:\Users\Kyle\Dropbox\EVL\aluminum\windows\examples\Texture\Debug\vc120.pdb'; linking object as if no debug info
     1>FreeImaged.lib(pngrio.obj) : warning LNK4099: PDB 'vc120.pdb' was not found with 'FreeImaged.lib(pngrio.obj)' or at 'C:\Users\Kyle\Dropbox\EVL\aluminum\windows\examples\Texture\Debug\vc120.pdb'; linking object as if no debug info
     1>FreeImaged.lib(pngread.obj) : warning LNK4099: PDB 'vc120.pdb' was not found with 'FreeImaged.lib(pngread.obj)' or at 'C:\Users\Kyle\Dropbox\EVL\aluminum\windows\examples\Texture\Debug\vc120.pdb'; linking object as if no debug info
     1>FreeImaged.lib(pngmem.obj) : warning LNK4099: PDB 'vc120.pdb' was not found with 'FreeImaged.lib(pngmem.obj)' or at 'C:\Users\Kyle\Dropbox\EVL\aluminum\windows\examples\Texture\Debug\vc120.pdb'; linking object as if no debug info
     1>FreeImaged.lib(pngget.obj) : warning LNK4099: PDB 'vc120.pdb' was not found with 'FreeImaged.lib(pngget.obj)' or at 'C:\Users\Kyle\Dropbox\EVL\aluminum\windows\examples\Texture\Debug\vc120.pdb'; linking object as if no debug info
     1>FreeImaged.lib(pngerror.obj) : warning LNK4099: PDB 'vc120.pdb' was not found with 'FreeImaged.lib(pngerror.obj)' or at 'C:\Users\Kyle\Dropbox\EVL\aluminum\windows\examples\Texture\Debug\vc120.pdb'; linking object as if no debug info
     1>FreeImaged.lib(png.obj) : warning LNK4099: PDB 'vc120.pdb' was not found with 'FreeImaged.lib(png.obj)' or at 'C:\Users\Kyle\Dropbox\EVL\aluminum\windows\examples\Texture\Debug\vc120.pdb'; linking object as if no debug info
     1>FreeImaged.lib(zutil.obj) : warning LNK4099: PDB 'vc120.pdb' was not found with 'FreeImaged.lib(zutil.obj)' or at 'C:\Users\Kyle\Dropbox\EVL\aluminum\windows\examples\Texture\Debug\vc120.pdb'; linking object as if no debug info
     1>FreeImaged.lib(uncompr.obj) : warning LNK4099: PDB 'vc120.pdb' was not found with 'FreeImaged.lib(uncompr.obj)' or at 'C:\Users\Kyle\Dropbox\EVL\aluminum\windows\examples\Texture\Debug\vc120.pdb'; linking object as if no debug info
     1>FreeImaged.lib(trees.obj) : warning LNK4099: PDB 'vc120.pdb' was not found with 'FreeImaged.lib(trees.obj)' or at 'C:\Users\Kyle\Dropbox\EVL\aluminum\windows\examples\Texture\Debug\vc120.pdb'; linking object as if no debug info
     1>FreeImaged.lib(inftrees.obj) : warning LNK4099: PDB 'vc120.pdb' was not found with 'FreeImaged.lib(inftrees.obj)' or at 'C:\Users\Kyle\Dropbox\EVL\aluminum\windows\examples\Texture\Debug\vc120.pdb'; linking object as if no debug info
     1>FreeImaged.lib(inflate.obj) : warning LNK4099: PDB 'vc120.pdb' was not found with 'FreeImaged.lib(inflate.obj)' or at 'C:\Users\Kyle\Dropbox\EVL\aluminum\windows\examples\Texture\Debug\vc120.pdb'; linking object as if no debug info
     1>FreeImaged.lib(inffast.obj) : warning LNK4099: PDB 'vc120.pdb' was not found with 'FreeImaged.lib(inffast.obj)' or at 'C:\Users\Kyle\Dropbox\EVL\aluminum\windows\examples\Texture\Debug\vc120.pdb'; linking object as if no debug info
     1>FreeImaged.lib(deflate.obj) : warning LNK4099: PDB 'vc120.pdb' was not found with 'FreeImaged.lib(deflate.obj)' or at 'C:\Users\Kyle\Dropbox\EVL\aluminum\windows\examples\Texture\Debug\vc120.pdb'; linking object as if no debug info
     1>FreeImaged.lib(crc32.obj) : warning LNK4099: PDB 'vc120.pdb' was not found with 'FreeImaged.lib(crc32.obj)' or at 'C:\Users\Kyle\Dropbox\EVL\aluminum\windows\examples\Texture\Debug\vc120.pdb'; linking object as if no debug info
     1>FreeImaged.lib(compress.obj) : warning LNK4099: PDB 'vc120.pdb' was not found with 'FreeImaged.lib(compress.obj)' or at 'C:\Users\Kyle\Dropbox\EVL\aluminum\windows\examples\Texture\Debug\vc120.pdb'; linking object as if no debug info
     1>FreeImaged.lib(adler32.obj) : warning LNK4099: PDB 'vc120.pdb' was not found with 'FreeImaged.lib(adler32.obj)' or at 'C:\Users\Kyle\Dropbox\EVL\aluminum\windows\examples\Texture\Debug\vc120.pdb'; linking object as if no debug info
     1>FreeImaged.lib(tgt.obj) : warning LNK4099: PDB 'vc120.pdb' was not found with 'FreeImaged.lib(tgt.obj)' or at 'C:\Users\Kyle\Dropbox\EVL\aluminum\windows\examples\Texture\Debug\vc120.pdb'; linking object as if no debug info
     1>FreeImaged.lib(tcd.obj) : warning LNK4099: PDB 'vc120.pdb' was not found with 'FreeImaged.lib(tcd.obj)' or at 'C:\Users\Kyle\Dropbox\EVL\aluminum\windows\examples\Texture\Debug\vc120.pdb'; linking object as if no debug info
     1>FreeImaged.lib(t2.obj) : warning LNK4099: PDB 'vc120.pdb' was not found with 'FreeImaged.lib(t2.obj)' or at 'C:\Users\Kyle\Dropbox\EVL\aluminum\windows\examples\Texture\Debug\vc120.pdb'; linking object as if no debug info
     1>FreeImaged.lib(t1.obj) : warning LNK4099: PDB 'vc120.pdb' was not found with 'FreeImaged.lib(t1.obj)' or at 'C:\Users\Kyle\Dropbox\EVL\aluminum\windows\examples\Texture\Debug\vc120.pdb'; linking object as if no debug info
     1>FreeImaged.lib(raw.obj) : warning LNK4099: PDB 'vc120.pdb' was not found with 'FreeImaged.lib(raw.obj)' or at 'C:\Users\Kyle\Dropbox\EVL\aluminum\windows\examples\Texture\Debug\vc120.pdb'; linking object as if no debug info
     1>FreeImaged.lib(pi.obj) : warning LNK4099: PDB 'vc120.pdb' was not found with 'FreeImaged.lib(pi.obj)' or at 'C:\Users\Kyle\Dropbox\EVL\aluminum\windows\examples\Texture\Debug\vc120.pdb'; linking object as if no debug info
     1>FreeImaged.lib(openjpeg.obj) : warning LNK4099: PDB 'vc120.pdb' was not found with 'FreeImaged.lib(openjpeg.obj)' or at 'C:\Users\Kyle\Dropbox\EVL\aluminum\windows\examples\Texture\Debug\vc120.pdb'; linking object as if no debug info
     1>FreeImaged.lib(mqc.obj) : warning LNK4099: PDB 'vc120.pdb' was not found with 'FreeImaged.lib(mqc.obj)' or at 'C:\Users\Kyle\Dropbox\EVL\aluminum\windows\examples\Texture\Debug\vc120.pdb'; linking object as if no debug info
     1>FreeImaged.lib(mct.obj) : warning LNK4099: PDB 'vc120.pdb' was not found with 'FreeImaged.lib(mct.obj)' or at 'C:\Users\Kyle\Dropbox\EVL\aluminum\windows\examples\Texture\Debug\vc120.pdb'; linking object as if no debug info
     1>FreeImaged.lib(jp2.obj) : warning LNK4099: PDB 'vc120.pdb' was not found with 'FreeImaged.lib(jp2.obj)' or at 'C:\Users\Kyle\Dropbox\EVL\aluminum\windows\examples\Texture\Debug\vc120.pdb'; linking object as if no debug info
     1>FreeImaged.lib(j2k.obj) : warning LNK4099: PDB 'vc120.pdb' was not found with 'FreeImaged.lib(j2k.obj)' or at 'C:\Users\Kyle\Dropbox\EVL\aluminum\windows\examples\Texture\Debug\vc120.pdb'; linking object as if no debug info
     1>FreeImaged.lib(invert.obj) : warning LNK4099: PDB 'vc120.pdb' was not found with 'FreeImaged.lib(invert.obj)' or at 'C:\Users\Kyle\Dropbox\EVL\aluminum\windows\examples\Texture\Debug\vc120.pdb'; linking object as if no debug info
     1>FreeImaged.lib(image.obj) : warning LNK4099: PDB 'vc120.pdb' was not found with 'FreeImaged.lib(image.obj)' or at 'C:\Users\Kyle\Dropbox\EVL\aluminum\windows\examples\Texture\Debug\vc120.pdb'; linking object as if no debug info
     1>FreeImaged.lib(function_list.obj) : warning LNK4099: PDB 'vc120.pdb' was not found with 'FreeImaged.lib(function_list.obj)' or at 'C:\Users\Kyle\Dropbox\EVL\aluminum\windows\examples\Texture\Debug\vc120.pdb'; linking object as if no debug info
     1>FreeImaged.lib(event.obj) : warning LNK4099: PDB 'vc120.pdb' was not found with 'FreeImaged.lib(event.obj)' or at 'C:\Users\Kyle\Dropbox\EVL\aluminum\windows\examples\Texture\Debug\vc120.pdb'; linking object as if no debug info
     1>FreeImaged.lib(dwt.obj) : warning LNK4099: PDB 'vc120.pdb' was not found with 'FreeImaged.lib(dwt.obj)' or at 'C:\Users\Kyle\Dropbox\EVL\aluminum\windows\examples\Texture\Debug\vc120.pdb'; linking object as if no debug info
     1>FreeImaged.lib(cio.obj) : warning LNK4099: PDB 'vc120.pdb' was not found with 'FreeImaged.lib(cio.obj)' or at 'C:\Users\Kyle\Dropbox\EVL\aluminum\windows\examples\Texture\Debug\vc120.pdb'; linking object as if no debug info
     1>FreeImaged.lib(bio.obj) : warning LNK4099: PDB 'vc120.pdb' was not found with 'FreeImaged.lib(bio.obj)' or at 'C:\Users\Kyle\Dropbox\EVL\aluminum\windows\examples\Texture\Debug\vc120.pdb'; linking object as if no debug info
     1>FreeImaged.lib(JXRMeta.obj) : warning LNK4099: PDB 'vc120.pdb' was not found with 'FreeImaged.lib(JXRMeta.obj)' or at 'C:\Users\Kyle\Dropbox\EVL\aluminum\windows\examples\Texture\Debug\vc120.pdb'; linking object as if no debug info
     1>FreeImaged.lib(JXRGluePFC.obj) : warning LNK4099: PDB 'vc120.pdb' was not found with 'FreeImaged.lib(JXRGluePFC.obj)' or at 'C:\Users\Kyle\Dropbox\EVL\aluminum\windows\examples\Texture\Debug\vc120.pdb'; linking object as if no debug info
     1>FreeImaged.lib(JXRGlueJxr.obj) : warning LNK4099: PDB 'vc120.pdb' was not found with 'FreeImaged.lib(JXRGlueJxr.obj)' or at 'C:\Users\Kyle\Dropbox\EVL\aluminum\windows\examples\Texture\Debug\vc120.pdb'; linking object as if no debug info
     1>FreeImaged.lib(JXRGlue.obj) : warning LNK4099: PDB 'vc120.pdb' was not found with 'FreeImaged.lib(JXRGlue.obj)' or at 'C:\Users\Kyle\Dropbox\EVL\aluminum\windows\examples\Texture\Debug\vc120.pdb'; linking object as if no debug info
     1>FreeImaged.lib(strTransform.obj) : warning LNK4099: PDB 'vc120.pdb' was not found with 'FreeImaged.lib(strTransform.obj)' or at 'C:\Users\Kyle\Dropbox\EVL\aluminum\windows\examples\Texture\Debug\vc120.pdb'; linking object as if no debug info
     1>FreeImaged.lib(strPredQuant.obj) : warning LNK4099: PDB 'vc120.pdb' was not found with 'FreeImaged.lib(strPredQuant.obj)' or at 'C:\Users\Kyle\Dropbox\EVL\aluminum\windows\examples\Texture\Debug\vc120.pdb'; linking object as if no debug info
     1>FreeImaged.lib(strcodec.obj) : warning LNK4099: PDB 'vc120.pdb' was not found with 'FreeImaged.lib(strcodec.obj)' or at 'C:\Users\Kyle\Dropbox\EVL\aluminum\windows\examples\Texture\Debug\vc120.pdb'; linking object as if no debug info
     1>FreeImaged.lib(image.obj) : warning LNK4099: PDB 'vc120.pdb' was not found with 'FreeImaged.lib(image.obj)' or at 'C:\Users\Kyle\Dropbox\EVL\aluminum\windows\examples\Texture\Debug\vc120.pdb'; linking object as if no debug info
     1>FreeImaged.lib(adapthuff.obj) : warning LNK4099: PDB 'vc120.pdb' was not found with 'FreeImaged.lib(adapthuff.obj)' or at 'C:\Users\Kyle\Dropbox\EVL\aluminum\windows\examples\Texture\Debug\vc120.pdb'; linking object as if no debug info
     1>FreeImaged.lib(strPredQuantEnc.obj) : warning LNK4099: PDB 'vc120.pdb' was not found with 'FreeImaged.lib(strPredQuantEnc.obj)' or at 'C:\Users\Kyle\Dropbox\EVL\aluminum\windows\examples\Texture\Debug\vc120.pdb'; linking object as if no debug info
     1>FreeImaged.lib(strFwdTransform.obj) : warning LNK4099: PDB 'vc120.pdb' was not found with 'FreeImaged.lib(strFwdTransform.obj)' or at 'C:\Users\Kyle\Dropbox\EVL\aluminum\windows\examples\Texture\Debug\vc120.pdb'; linking object as if no debug info
     1>FreeImaged.lib(strenc.obj) : warning LNK4099: PDB 'vc120.pdb' was not found with 'FreeImaged.lib(strenc.obj)' or at 'C:\Users\Kyle\Dropbox\EVL\aluminum\windows\examples\Texture\Debug\vc120.pdb'; linking object as if no debug info
     1>FreeImaged.lib(segenc.obj) : warning LNK4099: PDB 'vc120.pdb' was not found with 'FreeImaged.lib(segenc.obj)' or at 'C:\Users\Kyle\Dropbox\EVL\aluminum\windows\examples\Texture\Debug\vc120.pdb'; linking object as if no debug info
     1>FreeImaged.lib(encode.obj) : warning LNK4099: PDB 'vc120.pdb' was not found with 'FreeImaged.lib(encode.obj)' or at 'C:\Users\Kyle\Dropbox\EVL\aluminum\windows\examples\Texture\Debug\vc120.pdb'; linking object as if no debug info
     1>FreeImaged.lib(strPredQuantDec.obj) : warning LNK4099: PDB 'vc120.pdb' was not found with 'FreeImaged.lib(strPredQuantDec.obj)' or at 'C:\Users\Kyle\Dropbox\EVL\aluminum\windows\examples\Texture\Debug\vc120.pdb'; linking object as if no debug info
     1>FreeImaged.lib(strInvTransform.obj) : warning LNK4099: PDB 'vc120.pdb' was not found with 'FreeImaged.lib(strInvTransform.obj)' or at 'C:\Users\Kyle\Dropbox\EVL\aluminum\windows\examples\Texture\Debug\vc120.pdb'; linking object as if no debug info
     1>FreeImaged.lib(strdec.obj) : warning LNK4099: PDB 'vc120.pdb' was not found with 'FreeImaged.lib(strdec.obj)' or at 'C:\Users\Kyle\Dropbox\EVL\aluminum\windows\examples\Texture\Debug\vc120.pdb'; linking object as if no debug info
     1>FreeImaged.lib(segdec.obj) : warning LNK4099: PDB 'vc120.pdb' was not found with 'FreeImaged.lib(segdec.obj)' or at 'C:\Users\Kyle\Dropbox\EVL\aluminum\windows\examples\Texture\Debug\vc120.pdb'; linking object as if no debug info
     1>FreeImaged.lib(postprocess.obj) : warning LNK4099: PDB 'vc120.pdb' was not found with 'FreeImaged.lib(postprocess.obj)' or at 'C:\Users\Kyle\Dropbox\EVL\aluminum\windows\examples\Texture\Debug\vc120.pdb'; linking object as if no debug info
     1>FreeImaged.lib(JXRTranscode.obj) : warning LNK4099: PDB 'vc120.pdb' was not found with 'FreeImaged.lib(JXRTranscode.obj)' or at 'C:\Users\Kyle\Dropbox\EVL\aluminum\windows\examples\Texture\Debug\vc120.pdb'; linking object as if no debug info
     1>FreeImaged.lib(decode.obj) : warning LNK4099: PDB 'vc120.pdb' was not found with 'FreeImaged.lib(decode.obj)' or at 'C:\Users\Kyle\Dropbox\EVL\aluminum\windows\examples\Texture\Debug\vc120.pdb'; linking object as if no debug info
     1>FreeImaged.lib(jutils.obj) : warning LNK4099: PDB 'vc120.pdb' was not found with 'FreeImaged.lib(jutils.obj)' or at 'C:\Users\Kyle\Dropbox\EVL\aluminum\windows\examples\Texture\Debug\vc120.pdb'; linking object as if no debug info
     1>FreeImaged.lib(jquant2.obj) : warning LNK4099: PDB 'vc120.pdb' was not found with 'FreeImaged.lib(jquant2.obj)' or at 'C:\Users\Kyle\Dropbox\EVL\aluminum\windows\examples\Texture\Debug\vc120.pdb'; linking object as if no debug info
     1>FreeImaged.lib(jquant1.obj) : warning LNK4099: PDB 'vc120.pdb' was not found with 'FreeImaged.lib(jquant1.obj)' or at 'C:\Users\Kyle\Dropbox\EVL\aluminum\windows\examples\Texture\Debug\vc120.pdb'; linking object as if no debug info
     1>FreeImaged.lib(jmemnobs.obj) : warning LNK4099: PDB 'vc120.pdb' was not found with 'FreeImaged.lib(jmemnobs.obj)' or at 'C:\Users\Kyle\Dropbox\EVL\aluminum\windows\examples\Texture\Debug\vc120.pdb'; linking object as if no debug info
     1>FreeImaged.lib(jmemmgr.obj) : warning LNK4099: PDB 'vc120.pdb' was not found with 'FreeImaged.lib(jmemmgr.obj)' or at 'C:\Users\Kyle\Dropbox\EVL\aluminum\windows\examples\Texture\Debug\vc120.pdb'; linking object as if no debug info
     1>FreeImaged.lib(jidctint.obj) : warning LNK4099: PDB 'vc120.pdb' was not found with 'FreeImaged.lib(jidctint.obj)' or at 'C:\Users\Kyle\Dropbox\EVL\aluminum\windows\examples\Texture\Debug\vc120.pdb'; linking object as if no debug info
     1>FreeImaged.lib(jidctfst.obj) : warning LNK4099: PDB 'vc120.pdb' was not found with 'FreeImaged.lib(jidctfst.obj)' or at 'C:\Users\Kyle\Dropbox\EVL\aluminum\windows\examples\Texture\Debug\vc120.pdb'; linking object as if no debug info
     1>FreeImaged.lib(jidctflt.obj) : warning LNK4099: PDB 'vc120.pdb' was not found with 'FreeImaged.lib(jidctflt.obj)' or at 'C:\Users\Kyle\Dropbox\EVL\aluminum\windows\examples\Texture\Debug\vc120.pdb'; linking object as if no debug info
     1>FreeImaged.lib(jfdctint.obj) : warning LNK4099: PDB 'vc120.pdb' was not found with 'FreeImaged.lib(jfdctint.obj)' or at 'C:\Users\Kyle\Dropbox\EVL\aluminum\windows\examples\Texture\Debug\vc120.pdb'; linking object as if no debug info
     1>FreeImaged.lib(jfdctfst.obj) : warning LNK4099: PDB 'vc120.pdb' was not found with 'FreeImaged.lib(jfdctfst.obj)' or at 'C:\Users\Kyle\Dropbox\EVL\aluminum\windows\examples\Texture\Debug\vc120.pdb'; linking object as if no debug info
     1>FreeImaged.lib(jfdctflt.obj) : warning LNK4099: PDB 'vc120.pdb' was not found with 'FreeImaged.lib(jfdctflt.obj)' or at 'C:\Users\Kyle\Dropbox\EVL\aluminum\windows\examples\Texture\Debug\vc120.pdb'; linking object as if no debug info
     1>FreeImaged.lib(jerror.obj) : warning LNK4099: PDB 'vc120.pdb' was not found with 'FreeImaged.lib(jerror.obj)' or at 'C:\Users\Kyle\Dropbox\EVL\aluminum\windows\examples\Texture\Debug\vc120.pdb'; linking object as if no debug info
     1>FreeImaged.lib(jdsample.obj) : warning LNK4099: PDB 'vc120.pdb' was not found with 'FreeImaged.lib(jdsample.obj)' or at 'C:\Users\Kyle\Dropbox\EVL\aluminum\windows\examples\Texture\Debug\vc120.pdb'; linking object as if no debug info
     1>FreeImaged.lib(jdpostct.obj) : warning LNK4099: PDB 'vc120.pdb' was not found with 'FreeImaged.lib(jdpostct.obj)' or at 'C:\Users\Kyle\Dropbox\EVL\aluminum\windows\examples\Texture\Debug\vc120.pdb'; linking object as if no debug info
     1>FreeImaged.lib(jdmerge.obj) : warning LNK4099: PDB 'vc120.pdb' was not found with 'FreeImaged.lib(jdmerge.obj)' or at 'C:\Users\Kyle\Dropbox\EVL\aluminum\windows\examples\Texture\Debug\vc120.pdb'; linking object as if no debug info
     1>FreeImaged.lib(jdmaster.obj) : warning LNK4099: PDB 'vc120.pdb' was not found with 'FreeImaged.lib(jdmaster.obj)' or at 'C:\Users\Kyle\Dropbox\EVL\aluminum\windows\examples\Texture\Debug\vc120.pdb'; linking object as if no debug info
     1>FreeImaged.lib(jdmarker.obj) : warning LNK4099: PDB 'vc120.pdb' was not found with 'FreeImaged.lib(jdmarker.obj)' or at 'C:\Users\Kyle\Dropbox\EVL\aluminum\windows\examples\Texture\Debug\vc120.pdb'; linking object as if no debug info
     1>FreeImaged.lib(jdmainct.obj) : warning LNK4099: PDB 'vc120.pdb' was not found with 'FreeImaged.lib(jdmainct.obj)' or at 'C:\Users\Kyle\Dropbox\EVL\aluminum\windows\examples\Texture\Debug\vc120.pdb'; linking object as if no debug info
     1>FreeImaged.lib(jdinput.obj) : warning LNK4099: PDB 'vc120.pdb' was not found with 'FreeImaged.lib(jdinput.obj)' or at 'C:\Users\Kyle\Dropbox\EVL\aluminum\windows\examples\Texture\Debug\vc120.pdb'; linking object as if no debug info
     1>FreeImaged.lib(jdhuff.obj) : warning LNK4099: PDB 'vc120.pdb' was not found with 'FreeImaged.lib(jdhuff.obj)' or at 'C:\Users\Kyle\Dropbox\EVL\aluminum\windows\examples\Texture\Debug\vc120.pdb'; linking object as if no debug info
     1>FreeImaged.lib(jddctmgr.obj) : warning LNK4099: PDB 'vc120.pdb' was not found with 'FreeImaged.lib(jddctmgr.obj)' or at 'C:\Users\Kyle\Dropbox\EVL\aluminum\windows\examples\Texture\Debug\vc120.pdb'; linking object as if no debug info
     1>FreeImaged.lib(jdcolor.obj) : warning LNK4099: PDB 'vc120.pdb' was not found with 'FreeImaged.lib(jdcolor.obj)' or at 'C:\Users\Kyle\Dropbox\EVL\aluminum\windows\examples\Texture\Debug\vc120.pdb'; linking object as if no debug info
     1>FreeImaged.lib(jdcoefct.obj) : warning LNK4099: PDB 'vc120.pdb' was not found with 'FreeImaged.lib(jdcoefct.obj)' or at 'C:\Users\Kyle\Dropbox\EVL\aluminum\windows\examples\Texture\Debug\vc120.pdb'; linking object as if no debug info
     1>FreeImaged.lib(jdarith.obj) : warning LNK4099: PDB 'vc120.pdb' was not found with 'FreeImaged.lib(jdarith.obj)' or at 'C:\Users\Kyle\Dropbox\EVL\aluminum\windows\examples\Texture\Debug\vc120.pdb'; linking object as if no debug info
     1>FreeImaged.lib(jdapistd.obj) : warning LNK4099: PDB 'vc120.pdb' was not found with 'FreeImaged.lib(jdapistd.obj)' or at 'C:\Users\Kyle\Dropbox\EVL\aluminum\windows\examples\Texture\Debug\vc120.pdb'; linking object as if no debug info
     1>FreeImaged.lib(jdapimin.obj) : warning LNK4099: PDB 'vc120.pdb' was not found with 'FreeImaged.lib(jdapimin.obj)' or at 'C:\Users\Kyle\Dropbox\EVL\aluminum\windows\examples\Texture\Debug\vc120.pdb'; linking object as if no debug info
     1>FreeImaged.lib(jcsample.obj) : warning LNK4099: PDB 'vc120.pdb' was not found with 'FreeImaged.lib(jcsample.obj)' or at 'C:\Users\Kyle\Dropbox\EVL\aluminum\windows\examples\Texture\Debug\vc120.pdb'; linking object as if no debug info
     1>FreeImaged.lib(jcprepct.obj) : warning LNK4099: PDB 'vc120.pdb' was not found with 'FreeImaged.lib(jcprepct.obj)' or at 'C:\Users\Kyle\Dropbox\EVL\aluminum\windows\examples\Texture\Debug\vc120.pdb'; linking object as if no debug info
     1>FreeImaged.lib(jcparam.obj) : warning LNK4099: PDB 'vc120.pdb' was not found with 'FreeImaged.lib(jcparam.obj)' or at 'C:\Users\Kyle\Dropbox\EVL\aluminum\windows\examples\Texture\Debug\vc120.pdb'; linking object as if no debug info
     1>FreeImaged.lib(jcomapi.obj) : warning LNK4099: PDB 'vc120.pdb' was not found with 'FreeImaged.lib(jcomapi.obj)' or at 'C:\Users\Kyle\Dropbox\EVL\aluminum\windows\examples\Texture\Debug\vc120.pdb'; linking object as if no debug info
     1>FreeImaged.lib(jcmaster.obj) : warning LNK4099: PDB 'vc120.pdb' was not found with 'FreeImaged.lib(jcmaster.obj)' or at 'C:\Users\Kyle\Dropbox\EVL\aluminum\windows\examples\Texture\Debug\vc120.pdb'; linking object as if no debug info
     1>FreeImaged.lib(jcmarker.obj) : warning LNK4099: PDB 'vc120.pdb' was not found with 'FreeImaged.lib(jcmarker.obj)' or at 'C:\Users\Kyle\Dropbox\EVL\aluminum\windows\examples\Texture\Debug\vc120.pdb'; linking object as if no debug info
     1>FreeImaged.lib(jcmainct.obj) : warning LNK4099: PDB 'vc120.pdb' was not found with 'FreeImaged.lib(jcmainct.obj)' or at 'C:\Users\Kyle\Dropbox\EVL\aluminum\windows\examples\Texture\Debug\vc120.pdb'; linking object as if no debug info
     1>FreeImaged.lib(jcinit.obj) : warning LNK4099: PDB 'vc120.pdb' was not found with 'FreeImaged.lib(jcinit.obj)' or at 'C:\Users\Kyle\Dropbox\EVL\aluminum\windows\examples\Texture\Debug\vc120.pdb'; linking object as if no debug info
     1>FreeImaged.lib(jchuff.obj) : warning LNK4099: PDB 'vc120.pdb' was not found with 'FreeImaged.lib(jchuff.obj)' or at 'C:\Users\Kyle\Dropbox\EVL\aluminum\windows\examples\Texture\Debug\vc120.pdb'; linking object as if no debug info
     1>FreeImaged.lib(jcdctmgr.obj) : warning LNK4099: PDB 'vc120.pdb' was not found with 'FreeImaged.lib(jcdctmgr.obj)' or at 'C:\Users\Kyle\Dropbox\EVL\aluminum\windows\examples\Texture\Debug\vc120.pdb'; linking object as if no debug info
     1>FreeImaged.lib(jccolor.obj) : warning LNK4099: PDB 'vc120.pdb' was not found with 'FreeImaged.lib(jccolor.obj)' or at 'C:\Users\Kyle\Dropbox\EVL\aluminum\windows\examples\Texture\Debug\vc120.pdb'; linking object as if no debug info
     1>FreeImaged.lib(jccoefct.obj) : warning LNK4099: PDB 'vc120.pdb' was not found with 'FreeImaged.lib(jccoefct.obj)' or at 'C:\Users\Kyle\Dropbox\EVL\aluminum\windows\examples\Texture\Debug\vc120.pdb'; linking object as if no debug info
     1>FreeImaged.lib(jcarith.obj) : warning LNK4099: PDB 'vc120.pdb' was not found with 'FreeImaged.lib(jcarith.obj)' or at 'C:\Users\Kyle\Dropbox\EVL\aluminum\windows\examples\Texture\Debug\vc120.pdb'; linking object as if no debug info
     1>FreeImaged.lib(jcapistd.obj) : warning LNK4099: PDB 'vc120.pdb' was not found with 'FreeImaged.lib(jcapistd.obj)' or at 'C:\Users\Kyle\Dropbox\EVL\aluminum\windows\examples\Texture\Debug\vc120.pdb'; linking object as if no debug info
     1>FreeImaged.lib(jcapimin.obj) : warning LNK4099: PDB 'vc120.pdb' was not found with 'FreeImaged.lib(jcapimin.obj)' or at 'C:\Users\Kyle\Dropbox\EVL\aluminum\windows\examples\Texture\Debug\vc120.pdb'; linking object as if no debug info
     1>FreeImaged.lib(jaricom.obj) : warning LNK4099: PDB 'vc120.pdb' was not found with 'FreeImaged.lib(jaricom.obj)' or at 'C:\Users\Kyle\Dropbox\EVL\aluminum\windows\examples\Texture\Debug\vc120.pdb'; linking object as if no debug info
         Texture.vcxproj -> C:\Users\Kyle\Dropbox\EVL\aluminum\windows\examples\Texture\Debug\Texture.exe
     1>Done Building Project "C:\Users\Kyle\Dropbox\EVL\aluminum\windows\examples\Texture\Texture\Texture.vcxproj" (Rebuild target(s)).

Build succeeded.

Time Elapsed 00:00:08.54
