c:\users\kyle\dropbox\code-projects\evl\aluminum\windows\examples\texture\texture\debug\vc120.pdb
c:\users\kyle\dropbox\code-projects\evl\aluminum\windows\examples\texture\texture\debug\vc120.idb
c:\users\kyle\dropbox\code-projects\evl\aluminum\windows\examples\texture\texture\debug\behavior.obj
c:\users\kyle\dropbox\code-projects\evl\aluminum\windows\examples\texture\texture\debug\camera.obj
c:\users\kyle\dropbox\code-projects\evl\aluminum\windows\examples\texture\texture\debug\fbo.obj
c:\users\kyle\dropbox\code-projects\evl\aluminum\windows\examples\texture\texture\debug\font.obj
c:\users\kyle\dropbox\code-projects\evl\aluminum\windows\examples\texture\texture\debug\meshbuffer.obj
c:\users\kyle\dropbox\code-projects\evl\aluminum\windows\examples\texture\texture\debug\meshdata.obj
c:\users\kyle\dropbox\code-projects\evl\aluminum\windows\examples\texture\texture\debug\meshutils.obj
c:\users\kyle\dropbox\code-projects\evl\aluminum\windows\examples\texture\texture\debug\program.obj
c:\users\kyle\dropbox\code-projects\evl\aluminum\windows\examples\texture\texture\debug\shapes.obj
c:\users\kyle\dropbox\code-projects\evl\aluminum\windows\examples\texture\texture\debug\texture.obj
c:\users\kyle\dropbox\code-projects\evl\aluminum\windows\examples\texture\texture\debug\freeglutglview.obj
c:\users\kyle\dropbox\code-projects\evl\aluminum\windows\examples\texture\texture\debug\rendererwin32.obj
c:\users\kyle\dropbox\code-projects\evl\aluminum\windows\examples\texture\texture\debug\resourcehandler.obj
c:\users\kyle\dropbox\code-projects\evl\aluminum\windows\examples\texture\texture\debug\textureexample.obj
c:\users\kyle\dropbox\code-projects\evl\aluminum\windows\examples\texture\debug\texture.ilk
c:\users\kyle\dropbox\code-projects\evl\aluminum\windows\examples\texture\debug\texture.exe
c:\users\kyle\dropbox\code-projects\evl\aluminum\windows\examples\texture\debug\texture.pdb
c:\users\kyle\dropbox\code-projects\evl\aluminum\windows\examples\texture\texture\debug\texture.tlog\cl.command.1.tlog
c:\users\kyle\dropbox\code-projects\evl\aluminum\windows\examples\texture\texture\debug\texture.tlog\cl.read.1.tlog
c:\users\kyle\dropbox\code-projects\evl\aluminum\windows\examples\texture\texture\debug\texture.tlog\cl.write.1.tlog
c:\users\kyle\dropbox\code-projects\evl\aluminum\windows\examples\texture\texture\debug\texture.tlog\link.command.1.tlog
c:\users\kyle\dropbox\code-projects\evl\aluminum\windows\examples\texture\texture\debug\texture.tlog\link.read.1.tlog
c:\users\kyle\dropbox\code-projects\evl\aluminum\windows\examples\texture\texture\debug\texture.tlog\link.write.1.tlog
