Build started 8/29/2014 12:45:52 PM.
     1>Project "C:\aluminum\windows\examples\Basic2\Basic\Basic.vcxproj" on node 2 (Build target(s)).
     1>ClCompile:
         C:\Program Files (x86)\Microsoft Visual Studio 12.0\VC\bin\CL.exe /c /IC:\aluminum\src /IC:\aluminum\windows\src /IC:\aluminum\include /IC:\aluminum\windows\include /ZI /nologo /W3 /WX- /Od /Oy- /D WIN32 /D _DEBUG /D _CONSOLE /D _LIB /D _UNICODE /D UNICODE /Gm /EHsc /RTC1 /MDd /GS /fp:precise /Zc:wchar_t /Zc:forScope /Fo"Debug\\" /Fd"Debug\vc120.pdb" /Gd /TP /analyze- /errorReport:prompt Basic.cpp
         Basic.cpp
         GLM: perspective function taking degrees as a parameter is deprecated. #define GLM_FORCE_RADIANS before including GLM headers to remove this message.
       Link:
         C:\Program Files (x86)\Microsoft Visual Studio 12.0\VC\bin\link.exe /ERRORREPORT:PROMPT /OUT:"C:\aluminum\windows\examples\Basic2\Debug\Basic.exe" /INCREMENTAL /NOLOGO kernel32.lib user32.lib gdi32.lib winspool.lib comdlg32.lib advapi32.lib shell32.lib ole32.lib oleaut32.lib uuid.lib odbc32.lib odbccp32.lib /MANIFEST /MANIFESTUAC:"level='asInvoker' uiAccess='false'" /manifest:embed /DEBUG /PDB:"C:\aluminum\windows\examples\Basic2\Debug\Basic.pdb" /SUBSYSTEM:CONSOLE /TLBID:1 /DYNAMICBASE /NXCOMPAT /IMPLIB:"C:\aluminum\windows\examples\Basic2\Debug\Basic.lib" /MACHINE:X86 Debug\Behavior.obj
         Debug\Camera.obj
         Debug\FBO.obj
         Debug\Font.obj
         Debug\MeshBuffer.obj
         Debug\MeshData.obj
         Debug\MeshUtils.obj
         Debug\Program.obj
         Debug\Shapes.obj
         Debug\Texture.obj
         Debug\FreeGlutGLView.obj
         Debug\RendererWin32.obj
         Debug\ResourceHandler.obj
         Debug\Basic.obj
         Basic.vcxproj -> C:\aluminum\windows\examples\Basic2\Debug\Basic.exe
     1>Done Building Project "C:\aluminum\windows\examples\Basic2\Basic\Basic.vcxproj" (Build target(s)).

Build succeeded.

Time Elapsed 00:00:00.96
