c:\aluminum\windows\examples\vs-demos\week1\week1\debug\vc120.pdb
c:\aluminum\windows\examples\vs-demos\week1\week1\debug\vc120.idb
c:\aluminum\windows\examples\vs-demos\week1\week1\debug\behavior.obj
c:\aluminum\windows\examples\vs-demos\week1\week1\debug\camera.obj
c:\aluminum\windows\examples\vs-demos\week1\week1\debug\fbo.obj
c:\aluminum\windows\examples\vs-demos\week1\week1\debug\font.obj
c:\aluminum\windows\examples\vs-demos\week1\week1\debug\meshbuffer.obj
c:\aluminum\windows\examples\vs-demos\week1\week1\debug\meshdata.obj
c:\aluminum\windows\examples\vs-demos\week1\week1\debug\meshutils.obj
c:\aluminum\windows\examples\vs-demos\week1\week1\debug\program.obj
c:\aluminum\windows\examples\vs-demos\week1\week1\debug\shapes.obj
c:\aluminum\windows\examples\vs-demos\week1\week1\debug\texture.obj
c:\aluminum\windows\examples\vs-demos\week1\week1\debug\freeglutglview.obj
c:\aluminum\windows\examples\vs-demos\week1\week1\debug\rendererwin32.obj
c:\aluminum\windows\examples\vs-demos\week1\week1\debug\resourcehandler.obj
c:\aluminum\windows\examples\vs-demos\week1\week1\debug\basiccolor.obj
c:\aluminum\windows\examples\vs-demos\week1\debug\week1.ilk
c:\aluminum\windows\examples\vs-demos\week1\debug\week1.exe
c:\aluminum\windows\examples\vs-demos\week1\debug\week1.pdb
c:\aluminum\windows\examples\vs-demos\week1\week1\debug\week1.tlog\cl.command.1.tlog
c:\aluminum\windows\examples\vs-demos\week1\week1\debug\week1.tlog\cl.read.1.tlog
c:\aluminum\windows\examples\vs-demos\week1\week1\debug\week1.tlog\cl.write.1.tlog
c:\aluminum\windows\examples\vs-demos\week1\week1\debug\week1.tlog\link.command.1.tlog
c:\aluminum\windows\examples\vs-demos\week1\week1\debug\week1.tlog\link.read.1.tlog
c:\aluminum\windows\examples\vs-demos\week1\week1\debug\week1.tlog\link.write.1.tlog
