Build started 9/3/2014 3:16:14 PM.
     1>Project "C:\aluminum\windows\examples\vs-demos\week1\week1\week1.vcxproj" on node 2 (Build target(s)).
     1>ClCompile:
         C:\Program Files (x86)\Microsoft Visual Studio 12.0\VC\bin\CL.exe /c /IC:\aluminum\src /IC:\aluminum\windows\src /IC:\aluminum\include /IC:\aluminum\windows\include /ZI /nologo /W3 /WX- /Od /Oy- /D WIN32 /D _DEBUG /D _CONSOLE /D _LIB /D _UNICODE /D UNICODE /Gm /EHsc /RTC1 /MDd /GS /fp:precise /Zc:wchar_t /Zc:forScope /Fo"Debug\\" /Fd"Debug\vc120.pdb" /Gd /TP /analyze- /errorReport:prompt ..\..\..\..\src\Aluminum\ResourceHandler.cpp
         ResourceHandler.cpp
       Link:
         C:\Program Files (x86)\Microsoft Visual Studio 12.0\VC\bin\link.exe /ERRORREPORT:PROMPT /OUT:"C:\aluminum\windows\examples\vs-demos\week1\Debug\week1.exe" /INCREMENTAL /NOLOGO kernel32.lib user32.lib gdi32.lib winspool.lib comdlg32.lib advapi32.lib shell32.lib ole32.lib oleaut32.lib uuid.lib odbc32.lib odbccp32.lib /MANIFEST /MANIFESTUAC:"level='asInvoker' uiAccess='false'" /manifest:embed /DEBUG /PDB:"C:\aluminum\windows\examples\vs-demos\week1\Debug\week1.pdb" /SUBSYSTEM:CONSOLE /TLBID:1 /DYNAMICBASE /NXCOMPAT /IMPLIB:"C:\aluminum\windows\examples\vs-demos\week1\Debug\week1.lib" /MACHINE:X86 Debug\Behavior.obj
         Debug\Camera.obj
         Debug\FBO.obj
         Debug\Font.obj
         Debug\MeshBuffer.obj
         Debug\MeshData.obj
         Debug\MeshUtils.obj
         Debug\Program.obj
         Debug\Shapes.obj
         Debug\Texture.obj
         Debug\FreeGlutGLView.obj
         Debug\RendererWin32.obj
         Debug\ResourceHandler.obj
         Debug\BasicColor.obj
         week1.vcxproj -> C:\aluminum\windows\examples\vs-demos\week1\Debug\week1.exe
     1>Done Building Project "C:\aluminum\windows\examples\vs-demos\week1\week1\week1.vcxproj" (Build target(s)).

Build succeeded.

Time Elapsed 00:00:23.43
